2026-06-12 04:08:42.401 [info] [main] Log level: Info
2026-06-12 04:08:42.401 [info] [main] Validating found git in: "git"
2026-06-12 04:08:42.401 [info] [main] Using git "2.43.0" from "git"
2026-06-12 04:08:42.401 [info] [Model][doInitialScan] Initial repository scan started
2026-06-12 04:08:42.401 [info] > git rev-parse --show-toplevel [458ms]
2026-06-12 04:08:42.401 [info] > git rev-parse --git-dir --git-common-dir --show-superproject-working-tree [32ms]
2026-06-12 04:08:42.794 [info] [Model][openRepository] Opened repository (path): /home/psv2482109
2026-06-12 04:08:42.794 [info] [Model][openRepository] Opened repository (real path): /home/psv2482109
2026-06-12 04:08:42.794 [info] [Model][openRepository] Opened repository (kind): repository
2026-06-12 04:08:42.897 [info] > git config --get commit.template [86ms]
2026-06-12 04:08:42.961 [info] > git rev-parse --show-toplevel [142ms]
2026-06-12 04:08:43.047 [info] > git for-each-ref --format=%(refname)%00%(upstream:short)%00%(objectname)%00%(upstream:track)%00%(upstream:remotename)%00%(upstream:remoteref) refs/heads/main refs/remotes/main [41ms]
2026-06-12 04:08:46.345 [info] > git rev-parse --show-toplevel [3319ms]
2026-06-12 04:08:46.466 [info] > git status -z -uall [3400ms]
2026-06-12 04:08:46.469 [info] > git check-ignore -v -z --stdin [107ms]
2026-06-12 04:08:46.476 [info] > git for-each-ref --sort -committerdate --format %(refname)%00%(objectname)%00%(*objectname) [3361ms]
2026-06-12 04:08:46.571 [info] > git for-each-ref --format=%(refname)%00%(upstream:short)%00%(objectname)%00%(upstream:track)%00%(upstream:remotename)%00%(upstream:remoteref) refs/heads/main refs/remotes/main [42ms]
2026-06-12 04:08:46.594 [info] > git rev-parse --show-toplevel [149ms]
2026-06-12 04:08:46.694 [info] > git config --get --local branch.main.vscode-merge-base [100ms]
2026-06-12 04:08:46.694 [warning] [Git][config] git config failed: Failed to execute git
2026-06-12 04:08:46.709 [info] > git config --get commit.template [143ms]
2026-06-12 04:08:46.719 [info] > git rev-parse --show-toplevel [49ms]
2026-06-12 04:08:46.737 [info] > git reflog main --grep-reflog=branch: Created from *. [28ms]
2026-06-12 04:08:46.761 [info] > git symbolic-ref --short refs/remotes/origin/HEAD [16ms]
2026-06-12 04:08:46.761 [info] fatal: ref refs/remotes/origin/HEAD is not a symbolic ref
2026-06-12 04:08:46.761 [warning] [Repository][getDefaultBranch] Failed to get default branch details: Failed to execute git.
2026-06-12 04:08:46.763 [info] > git for-each-ref --format=%(refname)%00%(upstream:short)%00%(objectname)%00%(upstream:track)%00%(upstream:remotename)%00%(upstream:remoteref) refs/heads/main refs/remotes/main [31ms]
2026-06-12 04:08:46.829 [info] > git rev-parse --show-toplevel [72ms]
2026-06-12 04:08:46.837 [info] > git for-each-ref --sort -committerdate --format %(refname)%00%(objectname)%00%(*objectname) [21ms]
2026-06-12 04:08:46.867 [info] > git rev-parse --show-toplevel [5ms]
2026-06-12 04:08:47.158 [info] > git status -z -uall [384ms]
2026-06-12 04:08:47.184 [info] > git rev-parse --show-toplevel [295ms]
2026-06-12 04:08:47.198 [info] > git check-ignore -v -z --stdin [22ms]
2026-06-12 04:08:47.217 [info] > git rev-parse --show-toplevel [22ms]
2026-06-12 04:08:47.264 [info] > git rev-parse --show-toplevel [24ms]
2026-06-12 04:08:47.265 [info] [Model][doInitialScan] Initial repository scan completed - repositories (1), closed repositories (0), parent repositories (0), unsafe repositories (0)
2026-06-12 04:08:47.387 [info] > git show --textconv :requirements.txt [16ms]
2026-06-12 04:08:47.414 [info] > git ls-files --stage -- requirements.txt [29ms]
2026-06-12 04:08:47.437 [info] > git cat-file -s e2513300dbda3dc0882cdbc90427076a31d222c3 [12ms]
2026-06-12 04:08:48.072 [info] > git check-ignore -v -z --stdin [72ms]
2026-06-12 04:08:48.086 [info] > git blame --root --incremental 068ec6c3e3525c4c61d3d83cbb7761beaad7990d -- requirements.txt [21ms]
