2026-06-12 04:58:31.445 [info] [main] Log level: Info
2026-06-12 04:58:31.447 [info] [main] Validating found git in: "git"
2026-06-12 04:58:31.448 [info] [main] Using git "2.43.0" from "git"
2026-06-12 04:58:31.448 [info] [Model][doInitialScan] Initial repository scan started
2026-06-12 04:58:31.448 [info] > git rev-parse --show-toplevel [409ms]
2026-06-12 04:58:31.448 [info] > git rev-parse --git-dir --git-common-dir --show-superproject-working-tree [367ms]
2026-06-12 04:58:31.787 [info] [Model][openRepository] Opened repository (path): /home/psv2482109
2026-06-12 04:58:31.787 [info] [Model][openRepository] Opened repository (real path): /home/psv2482109
2026-06-12 04:58:31.787 [info] [Model][openRepository] Opened repository (kind): repository
2026-06-12 04:58:36.136 [info] > git rev-parse --show-toplevel [141ms]
2026-06-12 04:58:36.141 [info] > git config --get commit.template [155ms]
2026-06-12 04:58:36.197 [info] > git rev-parse --show-toplevel [42ms]
2026-06-12 04:58:36.206 [info] > git for-each-ref --format=%(refname)%00%(upstream:short)%00%(objectname)%00%(upstream:track)%00%(upstream:remotename)%00%(upstream:remoteref) refs/heads/main refs/remotes/main [17ms]
2026-06-12 04:58:36.259 [info] > git rev-parse --show-toplevel [15ms]
2026-06-12 04:58:36.370 [info] > git status -z -uall [89ms]
2026-06-12 04:58:36.372 [info] > git for-each-ref --sort -committerdate --format %(refname)%00%(objectname)%00%(*objectname) [61ms]
2026-06-12 04:58:37.399 [info] > git for-each-ref --format=%(refname)%00%(upstream:short)%00%(objectname)%00%(upstream:track)%00%(upstream:remotename)%00%(upstream:remoteref) refs/heads/main refs/remotes/main [906ms]
2026-06-12 04:58:37.416 [info] > git rev-parse --show-toplevel [1072ms]
2026-06-12 04:58:37.461 [info] > git config --get --local branch.main.vscode-merge-base [46ms]
2026-06-12 04:58:37.462 [warning] [Git][config] git config failed: Failed to execute git
2026-06-12 04:58:37.475 [info] > git config --get commit.template [687ms]
2026-06-12 04:58:37.490 [info] > git rev-parse --show-toplevel [36ms]
2026-06-12 04:58:37.541 [info] > git reflog main --grep-reflog=branch: Created from *. [66ms]
2026-06-12 04:58:37.708 [info] > git rev-parse --show-toplevel [181ms]
2026-06-12 04:58:37.711 [info] > git for-each-ref --format=%(refname)%00%(upstream:short)%00%(objectname)%00%(upstream:track)%00%(upstream:remotename)%00%(upstream:remoteref) refs/heads/main refs/remotes/main [208ms]
2026-06-12 04:58:37.809 [info] > git symbolic-ref --short refs/remotes/origin/HEAD [251ms]
2026-06-12 04:58:37.810 [info] fatal: ref refs/remotes/origin/HEAD is not a symbolic ref
2026-06-12 04:58:37.810 [warning] [Repository][getDefaultBranch] Failed to get default branch details: Failed to execute git.
2026-06-12 04:58:37.854 [info] > git check-ignore -v -z --stdin [10ms]
2026-06-12 04:58:37.855 [info] > git merge-base refs/heads/main refs/remotes/origin/main [31ms]
2026-06-12 04:58:37.867 [info] > git rev-parse --show-toplevel [124ms]
2026-06-12 04:58:37.886 [info] > git diff --raw --numstat --diff-filter=ADMR -z --find-renames=50% 511d564c415f7f8b7e140056f19a2887dc74f276...refs/remotes/origin/main -- [19ms]
2026-06-12 04:58:37.946 [info] > git status -z -uall [45ms]
2026-06-12 04:58:37.948 [info] > git rev-parse --show-toplevel [65ms]
2026-06-12 04:58:37.995 [info] > git for-each-ref --sort -committerdate --format %(refname)%00%(objectname)%00%(*objectname) [75ms]
2026-06-12 04:58:38.096 [info] > git rev-parse --show-toplevel [122ms]
2026-06-12 04:58:38.099 [info] [Model][doInitialScan] Initial repository scan completed - repositories (1), closed repositories (0), parent repositories (0), unsafe repositories (0)
2026-06-12 04:58:38.128 [info] > git check-ignore -v -z --stdin [60ms]
2026-06-12 04:58:38.940 [info] > git show --textconv :requirements.txt [48ms]
2026-06-12 04:58:38.943 [info] > git ls-files --stage -- requirements.txt [19ms]
2026-06-12 04:58:38.981 [info] > git cat-file -s e2513300dbda3dc0882cdbc90427076a31d222c3 [14ms]
2026-06-12 04:58:39.247 [info] > git check-ignore -v -z --stdin [4ms]
2026-06-12 04:58:39.315 [info] > git blame --root --incremental 511d564c415f7f8b7e140056f19a2887dc74f276 -- requirements.txt [9ms]
2026-06-12 04:58:43.297 [info] > git config --get commit.template [105ms]
2026-06-12 04:58:43.454 [info] > git for-each-ref --format=%(refname)%00%(upstream:short)%00%(objectname)%00%(upstream:track)%00%(upstream:remotename)%00%(upstream:remoteref) refs/heads/main refs/remotes/main [33ms]
2026-06-12 04:58:43.610 [info] > git status -z -uall [47ms]
2026-06-12 04:58:43.615 [info] > git for-each-ref --sort -committerdate --format %(refname)%00%(objectname)%00%(*objectname) [18ms]
2026-06-12 04:58:44.958 [info] > git check-ignore -v -z --stdin [8ms]
2026-06-12 04:58:48.766 [info] > git config --get commit.template [14ms]
2026-06-12 04:58:48.817 [info] > git for-each-ref --format=%(refname)%00%(upstream:short)%00%(objectname)%00%(upstream:track)%00%(upstream:remotename)%00%(upstream:remoteref) refs/heads/main refs/remotes/main [6ms]
2026-06-12 04:58:48.906 [info] > git status -z -uall [43ms]
2026-06-12 04:58:48.908 [info] > git for-each-ref --sort -committerdate --format %(refname)%00%(objectname)%00%(*objectname) [7ms]
2026-06-12 04:58:54.013 [info] > git check-ignore -v -z --stdin [152ms]
2026-06-12 04:58:54.262 [info] > git config --get commit.template [99ms]
2026-06-12 04:58:54.569 [info] > git for-each-ref --format=%(refname)%00%(upstream:short)%00%(objectname)%00%(upstream:track)%00%(upstream:remotename)%00%(upstream:remoteref) refs/heads/main refs/remotes/main [257ms]
2026-06-12 04:58:54.704 [info] > git status -z -uall [65ms]
2026-06-12 04:58:54.711 [info] > git for-each-ref --sort -committerdate --format %(refname)%00%(objectname)%00%(*objectname) [17ms]
2026-06-12 04:58:56.520 [info] > git check-ignore -v -z --stdin [146ms]
2026-06-12 04:58:57.009 [info] > git show --textconv :requirements.txt [313ms]
2026-06-12 04:58:57.013 [info] > git ls-files --stage -- requirements.txt [266ms]
2026-06-12 04:58:57.096 [info] > git cat-file -s e2513300dbda3dc0882cdbc90427076a31d222c3 [22ms]
2026-06-12 04:59:00.812 [info] > git config --get commit.template [13ms]
2026-06-12 04:59:00.874 [info] > git for-each-ref --format=%(refname)%00%(upstream:short)%00%(objectname)%00%(upstream:track)%00%(upstream:remotename)%00%(upstream:remoteref) refs/heads/main refs/remotes/main [18ms]
2026-06-12 04:59:01.099 [info] > git status -z -uall [120ms]
2026-06-12 04:59:01.107 [info] > git for-each-ref --sort -committerdate --format %(refname)%00%(objectname)%00%(*objectname) [32ms]
2026-06-12 04:59:03.678 [info] > git check-ignore -v -z --stdin [37ms]
2026-06-12 04:59:04.051 [info] > git show --textconv :requirements.txt [124ms]
2026-06-12 04:59:04.070 [info] > git ls-files --stage -- requirements.txt [45ms]
2026-06-12 04:59:04.248 [info] > git cat-file -s e2513300dbda3dc0882cdbc90427076a31d222c3 [33ms]
2026-06-12 04:59:08.695 [info] > git config --get commit.template [283ms]
2026-06-12 04:59:09.054 [info] > git for-each-ref --format=%(refname)%00%(upstream:short)%00%(objectname)%00%(upstream:track)%00%(upstream:remotename)%00%(upstream:remoteref) refs/heads/main refs/remotes/main [51ms]
2026-06-12 04:59:09.315 [info] > git status -z -uall [157ms]
2026-06-12 04:59:09.325 [info] > git for-each-ref --sort -committerdate --format %(refname)%00%(objectname)%00%(*objectname) [40ms]
2026-06-12 04:59:11.713 [info] > git check-ignore -v -z --stdin [75ms]
2026-06-12 04:59:14.719 [info] > git config --get commit.template [39ms]
2026-06-12 04:59:14.882 [info] > git for-each-ref --format=%(refname)%00%(upstream:short)%00%(objectname)%00%(upstream:track)%00%(upstream:remotename)%00%(upstream:remoteref) refs/heads/main refs/remotes/main [53ms]
2026-06-12 04:59:15.555 [info] > git status -z -uall [417ms]
2026-06-12 04:59:15.571 [info] > git for-each-ref --sort -committerdate --format %(refname)%00%(objectname)%00%(*objectname) [181ms]
2026-06-12 04:59:16.925 [info] > git check-ignore -v -z --stdin [11ms]
2026-06-12 04:59:23.692 [info] > git config --get commit.template [100ms]
2026-06-12 04:59:23.806 [info] > git for-each-ref --format=%(refname)%00%(upstream:short)%00%(objectname)%00%(upstream:track)%00%(upstream:remotename)%00%(upstream:remoteref) refs/heads/main refs/remotes/main [29ms]
2026-06-12 04:59:24.043 [info] > git status -z -uall [133ms]
2026-06-12 04:59:24.180 [info] > git for-each-ref --sort -committerdate --format %(refname)%00%(objectname)%00%(*objectname) [209ms]
2026-06-12 04:59:26.571 [info] > git check-ignore -v -z --stdin [20ms]
2026-06-12 04:59:29.462 [info] > git config --get commit.template [4ms]
2026-06-12 04:59:29.490 [info] > git for-each-ref --format=%(refname)%00%(upstream:short)%00%(objectname)%00%(upstream:track)%00%(upstream:remotename)%00%(upstream:remoteref) refs/heads/main refs/remotes/main [4ms]
2026-06-12 04:59:29.552 [info] > git status -z -uall [39ms]
2026-06-12 04:59:29.564 [info] > git for-each-ref --sort -committerdate --format %(refname)%00%(objectname)%00%(*objectname) [19ms]
2026-06-12 04:59:38.803 [info] > git config --get commit.template [5ms]
2026-06-12 04:59:38.826 [info] > git for-each-ref --format=%(refname)%00%(upstream:short)%00%(objectname)%00%(upstream:track)%00%(upstream:remotename)%00%(upstream:remoteref) refs/heads/main refs/remotes/main [10ms]
2026-06-12 04:59:38.868 [info] > git status -z -uall [26ms]
2026-06-12 04:59:38.871 [info] > git for-each-ref --sort -committerdate --format %(refname)%00%(objectname)%00%(*objectname) [6ms]
2026-06-12 04:59:39.196 [info] > git check-ignore -v -z --stdin [3ms]
2026-06-12 04:59:39.620 [info] > git check-ignore -v -z --stdin [4ms]
2026-06-12 04:59:43.906 [info] > git config --get commit.template [8ms]
2026-06-12 04:59:43.925 [info] > git for-each-ref --format=%(refname)%00%(upstream:short)%00%(objectname)%00%(upstream:track)%00%(upstream:remotename)%00%(upstream:remoteref) refs/heads/main refs/remotes/main [5ms]
2026-06-12 04:59:43.963 [info] > git status -z -uall [22ms]
2026-06-12 04:59:43.966 [info] > git for-each-ref --sort -committerdate --format %(refname)%00%(objectname)%00%(*objectname) [6ms]
2026-06-12 04:59:44.821 [info] > git check-ignore -v -z --stdin [5ms]
2026-06-12 04:59:49.004 [info] > git config --get commit.template [6ms]
2026-06-12 04:59:49.019 [info] > git for-each-ref --format=%(refname)%00%(upstream:short)%00%(objectname)%00%(upstream:track)%00%(upstream:remotename)%00%(upstream:remoteref) refs/heads/main refs/remotes/main [4ms]
2026-06-12 04:59:49.055 [info] > git status -z -uall [22ms]
2026-06-12 04:59:49.059 [info] > git for-each-ref --sort -committerdate --format %(refname)%00%(objectname)%00%(*objectname) [7ms]
2026-06-12 04:59:49.921 [info] > git check-ignore -v -z --stdin [5ms]
2026-06-12 04:59:54.110 [info] > git config --get commit.template [20ms]
2026-06-12 04:59:54.114 [info] > git for-each-ref --format=%(refname)%00%(upstream:short)%00%(objectname)%00%(upstream:track)%00%(upstream:remotename)%00%(upstream:remoteref) refs/heads/main refs/remotes/main [10ms]
2026-06-12 04:59:54.167 [info] > git status -z -uall [35ms]
2026-06-12 04:59:54.170 [info] > git for-each-ref --sort -committerdate --format %(refname)%00%(objectname)%00%(*objectname) [10ms]
2026-06-12 04:59:54.975 [info] > git check-ignore -v -z --stdin [3ms]
2026-06-12 04:59:59.212 [info] > git config --get commit.template [18ms]
2026-06-12 04:59:59.214 [info] > git for-each-ref --format=%(refname)%00%(upstream:short)%00%(objectname)%00%(upstream:track)%00%(upstream:remotename)%00%(upstream:remoteref) refs/heads/main refs/remotes/main [5ms]
2026-06-12 04:59:59.250 [info] > git status -z -uall [23ms]
2026-06-12 04:59:59.261 [info] > git for-each-ref --sort -committerdate --format %(refname)%00%(objectname)%00%(*objectname) [13ms]
2026-06-12 05:00:00.206 [info] > git check-ignore -v -z --stdin [11ms]
2026-06-12 05:00:04.300 [info] > git config --get commit.template [6ms]
2026-06-12 05:00:04.323 [info] > git for-each-ref --format=%(refname)%00%(upstream:short)%00%(objectname)%00%(upstream:track)%00%(upstream:remotename)%00%(upstream:remoteref) refs/heads/main refs/remotes/main [6ms]
2026-06-12 05:00:04.380 [info] > git status -z -uall [27ms]
2026-06-12 05:00:04.384 [info] > git for-each-ref --sort -committerdate --format %(refname)%00%(objectname)%00%(*objectname) [12ms]
2026-06-12 05:00:05.283 [info] > git check-ignore -v -z --stdin [8ms]
2026-06-12 05:00:09.418 [info] > git config --get commit.template [3ms]
2026-06-12 05:00:09.433 [info] > git for-each-ref --format=%(refname)%00%(upstream:short)%00%(objectname)%00%(upstream:track)%00%(upstream:remotename)%00%(upstream:remoteref) refs/heads/main refs/remotes/main [2ms]
2026-06-12 05:00:09.467 [info] > git status -z -uall [22ms]
2026-06-12 05:00:09.470 [info] > git for-each-ref --sort -committerdate --format %(refname)%00%(objectname)%00%(*objectname) [5ms]
2026-06-12 05:00:10.270 [info] > git check-ignore -v -z --stdin [2ms]
2026-06-12 05:00:14.500 [info] > git config --get commit.template [3ms]
2026-06-12 05:00:14.515 [info] > git for-each-ref --format=%(refname)%00%(upstream:short)%00%(objectname)%00%(upstream:track)%00%(upstream:remotename)%00%(upstream:remoteref) refs/heads/main refs/remotes/main [3ms]
2026-06-12 05:00:14.548 [info] > git status -z -uall [20ms]
2026-06-12 05:00:14.552 [info] > git for-each-ref --sort -committerdate --format %(refname)%00%(objectname)%00%(*objectname) [6ms]
2026-06-12 05:00:15.406 [info] > git check-ignore -v -z --stdin [5ms]
2026-06-12 05:00:19.581 [info] > git config --get commit.template [4ms]
2026-06-12 05:00:19.597 [info] > git for-each-ref --format=%(refname)%00%(upstream:short)%00%(objectname)%00%(upstream:track)%00%(upstream:remotename)%00%(upstream:remoteref) refs/heads/main refs/remotes/main [4ms]
2026-06-12 05:00:19.628 [info] > git status -z -uall [17ms]
2026-06-12 05:00:19.632 [info] > git for-each-ref --sort -committerdate --format %(refname)%00%(objectname)%00%(*objectname) [5ms]
2026-06-12 05:00:20.467 [info] > git check-ignore -v -z --stdin [3ms]
2026-06-12 05:00:24.661 [info] > git config --get commit.template [3ms]
2026-06-12 05:00:24.675 [info] > git for-each-ref --format=%(refname)%00%(upstream:short)%00%(objectname)%00%(upstream:track)%00%(upstream:remotename)%00%(upstream:remoteref) refs/heads/main refs/remotes/main [3ms]
2026-06-12 05:00:24.704 [info] > git status -z -uall [17ms]
2026-06-12 05:00:24.707 [info] > git for-each-ref --sort -committerdate --format %(refname)%00%(objectname)%00%(*objectname) [5ms]
2026-06-12 05:00:25.480 [info] > git check-ignore -v -z --stdin [4ms]
2026-06-12 05:00:29.747 [info] > git config --get commit.template [13ms]
2026-06-12 05:00:29.749 [info] > git for-each-ref --format=%(refname)%00%(upstream:short)%00%(objectname)%00%(upstream:track)%00%(upstream:remotename)%00%(upstream:remoteref) refs/heads/main refs/remotes/main [3ms]
2026-06-12 05:00:29.780 [info] > git status -z -uall [21ms]
2026-06-12 05:00:29.782 [info] > git for-each-ref --sort -committerdate --format %(refname)%00%(objectname)%00%(*objectname) [5ms]
2026-06-12 05:00:30.599 [info] > git check-ignore -v -z --stdin [2ms]
2026-06-12 05:00:34.824 [info] > git config --get commit.template [19ms]
2026-06-12 05:00:34.826 [info] > git for-each-ref --format=%(refname)%00%(upstream:short)%00%(objectname)%00%(upstream:track)%00%(upstream:remotename)%00%(upstream:remoteref) refs/heads/main refs/remotes/main [4ms]
2026-06-12 05:00:34.858 [info] > git status -z -uall [19ms]
2026-06-12 05:00:34.868 [info] > git for-each-ref --sort -committerdate --format %(refname)%00%(objectname)%00%(*objectname) [11ms]
2026-06-12 05:00:35.715 [info] > git check-ignore -v -z --stdin [2ms]
2026-06-12 05:03:21.482 [info] > git config --get commit.template [53ms]
2026-06-12 05:03:21.483 [info] > git for-each-ref --format=%(refname)%00%(upstream:short)%00%(objectname)%00%(upstream:track)%00%(upstream:remotename)%00%(upstream:remoteref) refs/heads/main refs/remotes/main [43ms]
2026-06-12 05:03:21.513 [info] > git status -z -uall [20ms]
2026-06-12 05:03:21.513 [info] > git for-each-ref --sort -committerdate --format %(refname)%00%(objectname)%00%(*objectname) [5ms]
2026-06-12 05:03:22.349 [info] > git check-ignore -v -z --stdin [3ms]
2026-06-12 05:03:26.546 [info] > git config --get commit.template [4ms]
2026-06-12 05:03:26.558 [info] > git for-each-ref --format=%(refname)%00%(upstream:short)%00%(objectname)%00%(upstream:track)%00%(upstream:remotename)%00%(upstream:remoteref) refs/heads/main refs/remotes/main [2ms]
2026-06-12 05:03:26.585 [info] > git status -z -uall [16ms]
2026-06-12 05:03:26.591 [info] > git for-each-ref --sort -committerdate --format %(refname)%00%(objectname)%00%(*objectname) [8ms]
2026-06-12 05:03:27.412 [info] > git check-ignore -v -z --stdin [3ms]
2026-06-12 05:03:31.635 [info] > git config --get commit.template [16ms]
2026-06-12 05:03:31.637 [info] > git for-each-ref --format=%(refname)%00%(upstream:short)%00%(objectname)%00%(upstream:track)%00%(upstream:remotename)%00%(upstream:remoteref) refs/heads/main refs/remotes/main [3ms]
2026-06-12 05:03:31.678 [info] > git status -z -uall [26ms]
2026-06-12 05:03:31.684 [info] > git for-each-ref --sort -committerdate --format %(refname)%00%(objectname)%00%(*objectname) [11ms]
2026-06-12 05:03:36.711 [info] > git config --get commit.template [5ms]
2026-06-12 05:03:36.724 [info] > git for-each-ref --format=%(refname)%00%(upstream:short)%00%(objectname)%00%(upstream:track)%00%(upstream:remotename)%00%(upstream:remoteref) refs/heads/main refs/remotes/main [3ms]
2026-06-12 05:03:36.750 [info] > git status -z -uall [15ms]
2026-06-12 05:03:36.753 [info] > git for-each-ref --sort -committerdate --format %(refname)%00%(objectname)%00%(*objectname) [5ms]
2026-06-12 05:03:41.791 [info] > git config --get commit.template [16ms]
2026-06-12 05:03:41.793 [info] > git for-each-ref --format=%(refname)%00%(upstream:short)%00%(objectname)%00%(upstream:track)%00%(upstream:remotename)%00%(upstream:remoteref) refs/heads/main refs/remotes/main [4ms]
2026-06-12 05:03:41.822 [info] > git status -z -uall [17ms]
2026-06-12 05:03:41.827 [info] > git for-each-ref --sort -committerdate --format %(refname)%00%(objectname)%00%(*objectname) [6ms]
2026-06-12 05:03:46.860 [info] > git config --get commit.template [13ms]
2026-06-12 05:03:46.861 [info] > git for-each-ref --format=%(refname)%00%(upstream:short)%00%(objectname)%00%(upstream:track)%00%(upstream:remotename)%00%(upstream:remoteref) refs/heads/main refs/remotes/main [3ms]
2026-06-12 05:03:46.888 [info] > git status -z -uall [17ms]
2026-06-12 05:03:46.891 [info] > git for-each-ref --sort -committerdate --format %(refname)%00%(objectname)%00%(*objectname) [5ms]
2026-06-12 05:03:51.930 [info] > git config --get commit.template [16ms]
2026-06-12 05:03:51.931 [info] > git for-each-ref --format=%(refname)%00%(upstream:short)%00%(objectname)%00%(upstream:track)%00%(upstream:remotename)%00%(upstream:remoteref) refs/heads/main refs/remotes/main [3ms]
2026-06-12 05:03:51.964 [info] > git status -z -uall [19ms]
2026-06-12 05:03:51.967 [info] > git for-each-ref --sort -committerdate --format %(refname)%00%(objectname)%00%(*objectname) [5ms]
2026-06-12 05:03:57.016 [info] > git config --get commit.template [23ms]
2026-06-12 05:03:57.018 [info] > git for-each-ref --format=%(refname)%00%(upstream:short)%00%(objectname)%00%(upstream:track)%00%(upstream:remotename)%00%(upstream:remoteref) refs/heads/main refs/remotes/main [5ms]
2026-06-12 05:03:57.060 [info] > git status -z -uall [24ms]
2026-06-12 05:03:57.063 [info] > git for-each-ref --sort -committerdate --format %(refname)%00%(objectname)%00%(*objectname) [7ms]
2026-06-12 05:05:00.317 [info] > git config --get commit.template [16ms]
2026-06-12 05:05:00.319 [info] > git for-each-ref --format=%(refname)%00%(upstream:short)%00%(objectname)%00%(upstream:track)%00%(upstream:remotename)%00%(upstream:remoteref) refs/heads/main refs/remotes/main [4ms]
2026-06-12 05:05:00.352 [info] > git status -z -uall [19ms]
2026-06-12 05:05:00.359 [info] > git for-each-ref --sort -committerdate --format %(refname)%00%(objectname)%00%(*objectname) [9ms]
2026-06-12 05:08:01.972 [info] > git config --get commit.template [3ms]
2026-06-12 05:08:01.985 [info] > git for-each-ref --format=%(refname)%00%(upstream:short)%00%(objectname)%00%(upstream:track)%00%(upstream:remotename)%00%(upstream:remoteref) refs/heads/main refs/remotes/main [3ms]
2026-06-12 05:08:02.014 [info] > git status -z -uall [18ms]
2026-06-12 05:08:02.019 [info] > git for-each-ref --sort -committerdate --format %(refname)%00%(objectname)%00%(*objectname) [6ms]
2026-06-12 05:08:07.042 [info] > git config --get commit.template [3ms]
2026-06-12 05:08:07.054 [info] > git for-each-ref --format=%(refname)%00%(upstream:short)%00%(objectname)%00%(upstream:track)%00%(upstream:remotename)%00%(upstream:remoteref) refs/heads/main refs/remotes/main [2ms]
2026-06-12 05:08:07.080 [info] > git status -z -uall [16ms]
2026-06-12 05:08:07.085 [info] > git for-each-ref --sort -committerdate --format %(refname)%00%(objectname)%00%(*objectname) [7ms]
