2026-06-10 08:59:55.186 [warning] Dir "/bin/X11/X11/X11/X11/.pixi/envs" is not watchable (directory does not exist)
2026-06-10 08:59:55.186 [warning] Dir "/bin/X11/X11/X11/X11" is not watchable (too many files)
2026-06-10 08:59:55.727 [info] Starting Environment refresh
2026-06-10 08:59:55.727 [info] Searching for interpreters in posix paths locator
2026-06-10 08:59:55.736 [info] Searching for pyenv environments
2026-06-10 08:59:55.736 [info] Searching for conda environments
2026-06-10 08:59:55.736 [info] Searching for global virtual environments
2026-06-10 08:59:55.736 [info] Searching for custom virtual environments
2026-06-10 08:59:55.743 [info] Skipping ActivatedEnv Detection:  process.env.VSCODE_CLI !== '1'
2026-06-10 08:59:55.743 [info] Skipping ActivatedEnv Detection:  process.env.VSCODE_CLI !== '1'
2026-06-10 08:59:55.746 [info] pyenv is not installed
2026-06-10 08:59:55.746 [info] Finished searching for pyenv environments: 18 milliseconds
2026-06-10 08:59:55.747 [info] Finished searching for custom virtual envs: 18 milliseconds
2026-06-10 08:59:55.760 [info] > conda info --json
2026-06-10 08:59:55.775 [info] > hatch env show --json
2026-06-10 08:59:55.775 [info] cwd: .
2026-06-10 08:59:55.789 [info] > pyenv which python
2026-06-10 08:59:55.789 [info] cwd: .
2026-06-10 08:59:55.789 [info] Finished searching for global virtual envs: 60 milliseconds
2026-06-10 08:59:55.863 [info] Found: /bin/python --> /bin/python3.12
2026-06-10 08:59:55.866 [info] Found: /bin/python3 --> /bin/python3.12
2026-06-10 08:59:55.867 [info] Found: /bin/python3.12 --> /bin/python3.12
2026-06-10 08:59:55.888 [info] Found: /usr/bin/python --> /usr/bin/python3.12
2026-06-10 08:59:55.901 [info] > ./python -I /google/devshell/editor/code-oss-for-cloud-shell/extensions/ms-python.python/python_files/get_output_via_markers.py /google/devshell/editor/code-oss-for-cloud-shell/extensions/ms-python.python/python_files/interpreterInfo.py
2026-06-10 08:59:55.904 [info] Found: /usr/bin/python3 --> /usr/bin/python3.12
2026-06-10 08:59:55.904 [info] Found: /usr/bin/python3.12 --> /usr/bin/python3.12
2026-06-10 08:59:55.939 [info] Finished searching for interpreters in posix paths locator: 202 milliseconds
2026-06-10 08:59:55.939 [info] > /bin/python -I /google/devshell/editor/code-oss-for-cloud-shell/extensions/ms-python.python/python_files/get_output_via_markers.py /google/devshell/editor/code-oss-for-cloud-shell/extensions/ms-python.python/python_files/interpreterInfo.py
2026-06-10 08:59:56.014 [info] > /usr/bin/python -I /google/devshell/editor/code-oss-for-cloud-shell/extensions/ms-python.python/python_files/get_output_via_markers.py /google/devshell/editor/code-oss-for-cloud-shell/extensions/ms-python.python/python_files/interpreterInfo.py
2026-06-10 08:59:56.014 [info] Environments refresh paths discovered (event): 289 milliseconds
2026-06-10 08:59:56.014 [info] Environments refresh paths discovered: 289 milliseconds
2026-06-10 08:59:56.075 [info] Environments refresh finished (event): 350 milliseconds
2026-06-10 08:59:56.086 [info] Environment refresh took 362 milliseconds
2026-06-10 08:59:56.093 [info] Python interpreter path: /bin/python
2026-06-10 08:59:58.962 [info] Starting Jedi language server for X11.
