2026-07-04 08:42:00.172 [info] Reading sessions from keychain...
2026-07-04 08:42:00.172 [info] Getting sessions for all scopes...
2026-07-04 08:42:00.172 [info] Got 0 sessions for ...
2026-07-04 08:42:00.172 [info] Getting sessions for all scopes...
2026-07-04 08:42:00.172 [info] Got 0 sessions for ...
2026-07-04 08:42:00.172 [info] Getting sessions for all scopes...
2026-07-04 08:42:00.172 [info] Got 0 sessions for ...
2026-07-04 08:42:00.439 [info] Getting sessions for all scopes...
2026-07-04 08:42:00.439 [info] Got 0 sessions for ...
2026-07-04 08:43:58.534 [info] Getting sessions for read:user,repo,user:email,workflow...
2026-07-04 08:43:58.534 [info] Got 0 sessions for read:user,repo,user:email,workflow...
2026-07-04 08:49:52.658 [info] Getting sessions for read:user,repo,user:email,workflow...
2026-07-04 08:49:52.658 [info] Got 0 sessions for read:user,repo,user:email,workflow...
2026-07-04 08:49:57.722 [info] Logging in with 'any' account...
2026-07-04 08:49:57.722 [info] Logging in for the following scopes: read:user repo user:email workflow
2026-07-04 08:49:57.900 [info] Trying device code flow... (read:user repo user:email workflow)
2026-07-04 08:50:33.416 [info] Getting user info...
2026-07-04 08:50:33.849 [info] Got account info!
2026-07-04 08:50:33.850 [info] Storing 1 sessions...
2026-07-04 08:50:33.948 [info] Reading sessions from keychain...
2026-07-04 08:50:33.948 [info] Stored 1 sessions!
2026-07-04 08:50:33.948 [info] Login success!
2026-07-04 08:50:34.046 [info] Got stored sessions!
2026-07-04 08:50:34.046 [info] Got 1 verified sessions.
2026-07-04 08:50:34.227 [info] Getting sessions for read:user,repo,user:email,workflow...
2026-07-04 08:50:34.227 [info] Got 1 sessions for read:user,repo,user:email,workflow...
2026-07-04 08:50:34.295 [info] Getting sessions for all scopes...
2026-07-04 08:50:34.295 [info] Got 1 sessions for ...
2026-07-04 08:50:34.479 [info] Getting sessions for all scopes...
2026-07-04 08:50:34.479 [info] Got 1 sessions for ...
2026-07-04 09:09:10.275 [info] Getting sessions for read:user,repo,user:email,workflow...
2026-07-04 09:09:10.275 [info] Got 1 sessions for read:user,repo,user:email,workflow...
