Initializing document watcher...
Document watcher initialized
psv2482109/app.py: {"tabSize":4,"indentSize":4,"insertSpaces":true,"cursorStyle":1,"lineNumbers":1}
psv2482109/app.py: Using EditorConfig core...
app.py: Target charset is not set
psv2482109/requirements.txt: {"tabSize":4,"indentSize":4,"insertSpaces":true,"cursorStyle":1,"lineNumbers":1}
psv2482109/requirements.txt: Using EditorConfig core...
requirements.txt: Target charset is not set
psv2482109/app.py: {"tabSize":4,"indentSize":4,"insertSpaces":true,"cursorStyle":1,"lineNumbers":1}
psv2482109/app.py: Using EditorConfig core...
app.py: Target charset is not set
psv2482109/app.py: Using EditorConfig core...
psv2482109/requirements.txt: {}
psv2482109/requirements.txt: {"tabSize":4,"indentSize":4,"insertSpaces":true,"cursorStyle":1,"lineNumbers":1}
psv2482109/requirements.txt: Using EditorConfig core...
requirements.txt: Target charset is not set
psv2482109/app.py: Using EditorConfig core...
app.py: Target charset is not set
psv2482109/requirements.txt: {"tabSize":4,"indentSize":4,"insertSpaces":true,"cursorStyle":1,"lineNumbers":1}
psv2482109/requirements.txt: Using EditorConfig core...
psv2482109/requirements.txt: Using EditorConfig core...
requirements.txt: Target charset is not set
psv2482109/app.py: {"tabSize":4,"indentSize":4,"insertSpaces":true,"cursorStyle":1,"lineNumbers":1}
psv2482109/app.py: Using EditorConfig core...
app.py: Target charset is not set
psv2482109/requirements.txt: {"tabSize":4,"indentSize":4,"insertSpaces":true,"cursorStyle":1,"lineNumbers":1}
psv2482109/requirements.txt: Using EditorConfig core...
requirements.txt: Target charset is not set
psv2482109/requirements.txt: {"tabSize":4,"indentSize":4,"insertSpaces":true,"cursorStyle":1,"lineNumbers":1}
