2026-06-12 03:28:42.001 [info] [main] Log level: Info
2026-06-12 03:28:42.001 [info] [main] Validating found git in: "git"
2026-06-12 03:28:42.001 [info] [main] Using git "2.43.0" from "git"
2026-06-12 03:28:42.001 [info] [Model][doInitialScan] Initial repository scan started
2026-06-12 03:28:42.001 [info] > git rev-parse --show-toplevel [5ms]
2026-06-12 03:28:42.001 [info] > git rev-parse --git-dir --git-common-dir --show-superproject-working-tree [5ms]
2026-06-12 03:28:42.399 [info] [Model][openRepository] Opened repository (path): /home/psv2482109
2026-06-12 03:28:42.399 [info] [Model][openRepository] Opened repository (real path): /home/psv2482109
2026-06-12 03:28:42.399 [info] [Model][openRepository] Opened repository (kind): repository
2026-06-12 03:28:42.557 [info] > git config --get commit.template [80ms]
2026-06-12 03:28:42.563 [info] > git rev-parse --show-toplevel [21ms]
2026-06-12 03:28:42.598 [info] > git rev-parse --show-toplevel [7ms]
2026-06-12 03:28:42.710 [info] > git for-each-ref --format=%(refname)%00%(upstream:short)%00%(objectname)%00%(upstream:track)%00%(upstream:remotename)%00%(upstream:remoteref) refs/heads/main refs/remotes/main [136ms]
2026-06-12 03:28:42.751 [info] > git rev-parse --show-toplevel [87ms]
2026-06-12 03:28:42.781 [info] > git rev-parse --show-toplevel [19ms]
2026-06-12 03:28:42.802 [info] > git rev-parse --show-toplevel [5ms]
2026-06-12 03:28:42.827 [info] > git for-each-ref --sort -committerdate --format %(refname)%00%(objectname)%00%(*objectname) [82ms]
2026-06-12 03:28:42.846 [info] > git rev-parse --show-toplevel [20ms]
2026-06-12 03:28:42.885 [info] > git rev-parse --show-toplevel [13ms]
2026-06-12 03:28:42.928 [info] > git rev-parse --show-toplevel [13ms]
2026-06-12 03:28:42.953 [info] > git rev-parse --show-toplevel [5ms]
2026-06-12 03:28:42.954 [info] [Model][doInitialScan] Initial repository scan completed - repositories (1), closed repositories (0), parent repositories (0), unsafe repositories (0)
2026-06-12 03:28:43.217 [info] > git check-ignore -v -z --stdin [9ms]
2026-06-12 03:28:44.241 [info] > git status -z -uall [1517ms]
2026-06-12 03:28:44.275 [info] > git for-each-ref --format=%(refname)%00%(upstream:short)%00%(objectname)%00%(upstream:track)%00%(upstream:remotename)%00%(upstream:remoteref) refs/heads/main refs/remotes/main [15ms]
2026-06-12 03:28:44.288 [info] > git config --get commit.template [14ms]
2026-06-12 03:28:44.289 [info] > git config --get --local branch.main.vscode-merge-base [5ms]
2026-06-12 03:28:44.289 [warning] [Git][config] git config failed: Failed to execute git
2026-06-12 03:28:44.311 [info] > git for-each-ref --format=%(refname)%00%(upstream:short)%00%(objectname)%00%(upstream:track)%00%(upstream:remotename)%00%(upstream:remoteref) refs/heads/main refs/remotes/main [7ms]
2026-06-12 03:28:44.337 [info] > git reflog main --grep-reflog=branch: Created from *. [41ms]
2026-06-12 03:28:44.473 [info] > git status -z -uall [155ms]
2026-06-12 03:28:44.473 [info] > git symbolic-ref --short refs/remotes/origin/HEAD [116ms]
2026-06-12 03:28:44.473 [info] fatal: ref refs/remotes/origin/HEAD is not a symbolic ref
2026-06-12 03:28:44.474 [warning] [Repository][getDefaultBranch] Failed to get default branch details: Failed to execute git.
2026-06-12 03:28:44.476 [info] > git for-each-ref --sort -committerdate --format %(refname)%00%(objectname)%00%(*objectname) [139ms]
2026-06-12 03:35:24.929 [info] > git config --get commit.template [4ms]
2026-06-12 03:35:24.939 [info] > git for-each-ref --format=%(refname)%00%(upstream:short)%00%(objectname)%00%(upstream:track)%00%(upstream:remotename)%00%(upstream:remoteref) refs/heads/main refs/remotes/main [3ms]
2026-06-12 03:35:24.972 [info] > git for-each-ref --sort -committerdate --format %(refname)%00%(objectname)%00%(*objectname) [3ms]
2026-06-12 03:35:25.050 [info] > git status -z -uall [104ms]
2026-06-12 03:35:26.242 [info] > git check-ignore -v -z --stdin [12ms]
2026-06-12 03:35:26.494 [info] > git ls-files --stage -- app.py [16ms]
2026-06-12 03:35:26.503 [info] > git show --textconv :app.py [35ms]
2026-06-12 03:35:26.505 [info] > git cat-file -s 704d8d5f1adf7c7ee03b14f22178b3b4efa28bed [3ms]
2026-06-12 03:35:26.741 [info] > git check-ignore -v -z --stdin [24ms]
2026-06-12 03:35:26.743 [info] > git blame --root --incremental 4543e7ad319902c5e205e1dda70a7654bcc0fd3d -- app.py [4ms]
2026-06-12 03:35:27.875 [info] > git check-ignore -v -z --stdin [7ms]
2026-06-12 03:35:27.988 [info] > git show --textconv :requirements.txt [16ms]
2026-06-12 03:35:27.995 [info] > git ls-files --stage -- requirements.txt [8ms]
2026-06-12 03:35:28.009 [info] > git cat-file -s e2513300dbda3dc0882cdbc90427076a31d222c3 [2ms]
2026-06-12 03:35:28.114 [info] > git blame --root --incremental 4543e7ad319902c5e205e1dda70a7654bcc0fd3d -- requirements.txt [3ms]
2026-06-12 03:35:30.071 [info] > git config --get commit.template [3ms]
2026-06-12 03:35:30.082 [info] > git for-each-ref --format=%(refname)%00%(upstream:short)%00%(objectname)%00%(upstream:track)%00%(upstream:remotename)%00%(upstream:remoteref) refs/heads/main refs/remotes/main [5ms]
2026-06-12 03:35:30.124 [info] > git for-each-ref --sort -committerdate --format %(refname)%00%(objectname)%00%(*objectname) [3ms]
2026-06-12 03:35:30.196 [info] > git status -z -uall [106ms]
2026-06-12 03:35:30.733 [info] > git check-ignore -v -z --stdin [5ms]
2026-06-12 03:36:16.494 [info] > git config --get commit.template [10ms]
2026-06-12 03:36:16.506 [info] > git for-each-ref --format=%(refname)%00%(upstream:short)%00%(objectname)%00%(upstream:track)%00%(upstream:remotename)%00%(upstream:remoteref) refs/heads/main refs/remotes/main [3ms]
2026-06-12 03:36:16.559 [info] > git for-each-ref --sort -committerdate --format %(refname)%00%(objectname)%00%(*objectname) [7ms]
2026-06-12 03:36:16.637 [info] > git status -z -uall [121ms]
2026-06-12 03:36:17.138 [info] > git check-ignore -v -z --stdin [5ms]
