2026-07-04 09:47:04.452 [info] [main] Log level: Info
2026-07-04 09:47:04.452 [info] [main] Validating found git in: "git"
2026-07-04 09:47:04.452 [info] [main] Using git "2.43.0" from "git"
2026-07-04 09:47:04.452 [info] [Model][doInitialScan] Initial repository scan started
2026-07-04 09:47:04.452 [info] > git rev-parse --show-toplevel [7ms]
2026-07-04 09:47:04.452 [info] > git rev-parse --git-dir --git-common-dir --show-superproject-working-tree [5ms]
2026-07-04 09:47:04.686 [info] [Model][openRepository] Opened repository (path): /home/psv2482109
2026-07-04 09:47:04.686 [info] [Model][openRepository] Opened repository (real path): /home/psv2482109
2026-07-04 09:47:04.686 [info] [Model][openRepository] Opened repository (kind): repository
2026-07-04 09:47:04.714 [info] > git rev-parse --show-toplevel [15ms]
2026-07-04 09:47:04.715 [info] > git config --get commit.template [20ms]
2026-07-04 09:47:04.888 [info] > git rev-parse --show-toplevel [168ms]
2026-07-04 09:47:04.922 [info] > git for-each-ref --format=%(refname)%00%(upstream:short)%00%(objectname)%00%(upstream:track)%00%(upstream:remotename)%00%(upstream:remoteref) refs/heads/main refs/remotes/main [52ms]
2026-07-04 09:47:04.942 [info] > git rev-parse --show-toplevel [23ms]
2026-07-04 09:47:04.993 [info] > git rev-parse --show-toplevel [35ms]
2026-07-04 09:47:05.055 [info] > git rev-parse --show-toplevel [41ms]
2026-07-04 09:47:05.055 [info] > git for-each-ref --sort -committerdate --format %(refname)%00%(objectname)%00%(*objectname) [48ms]
2026-07-04 09:47:05.082 [info] > git status -z -uall [80ms]
2026-07-04 09:47:05.136 [info] > git for-each-ref --format=%(refname)%00%(upstream:short)%00%(objectname)%00%(upstream:track)%00%(upstream:remotename)%00%(upstream:remoteref) refs/heads/main refs/remotes/main [10ms]
2026-07-04 09:47:05.141 [info] > git rev-parse --show-toplevel [62ms]
2026-07-04 09:47:05.148 [info] > git config --get commit.template [13ms]
2026-07-04 09:47:05.151 [info] > git rev-parse --show-toplevel [4ms]
2026-07-04 09:47:05.152 [info] > git config --get --local branch.main.vscode-merge-base [12ms]
2026-07-04 09:47:05.152 [warning] [Git][config] git config failed: Failed to execute git
2026-07-04 09:47:05.172 [info] > git for-each-ref --format=%(refname)%00%(upstream:short)%00%(objectname)%00%(upstream:track)%00%(upstream:remotename)%00%(upstream:remoteref) refs/heads/main refs/remotes/main [8ms]
2026-07-04 09:47:05.172 [info] > git reflog main --grep-reflog=branch: Created from *. [14ms]
2026-07-04 09:47:05.179 [info] > git rev-parse --show-toplevel [10ms]
2026-07-04 09:47:05.180 [info] > git symbolic-ref --short refs/remotes/origin/HEAD [3ms]
2026-07-04 09:47:05.180 [info] fatal: ref refs/remotes/origin/HEAD is not a symbolic ref
2026-07-04 09:47:05.180 [warning] [Repository][getDefaultBranch] Failed to get default branch details: Failed to execute git.
2026-07-04 09:47:05.311 [info] > git merge-base refs/heads/main refs/remotes/origin/main [124ms]
2026-07-04 09:47:05.335 [info] > git rev-parse --show-toplevel [44ms]
2026-07-04 09:47:05.336 [info] [Model][doInitialScan] Initial repository scan completed - repositories (1), closed repositories (0), parent repositories (0), unsafe repositories (0)
2026-07-04 09:47:05.337 [info] > git for-each-ref --sort -committerdate --format %(refname)%00%(objectname)%00%(*objectname) [4ms]
2026-07-04 09:47:05.338 [info] > git diff --raw --numstat --diff-filter=ADMR -z --find-renames=50% 511d564c415f7f8b7e140056f19a2887dc74f276...refs/remotes/origin/main -- [21ms]
2026-07-04 09:47:05.367 [info] > git status -z -uall [40ms]
2026-07-04 09:47:05.803 [info] > git check-ignore -v -z --stdin [414ms]
2026-07-04 09:47:29.190 [info] > git for-each-ref --format=%(refname)%00%(upstream:short)%00%(objectname)%00%(upstream:track)%00%(upstream:remotename)%00%(upstream:remoteref) refs/heads/main refs/remotes/main [6ms]
2026-07-04 09:47:29.192 [info] > git config --get commit.template [26ms]
2026-07-04 09:47:29.250 [info] > git for-each-ref --sort -committerdate --format %(refname)%00%(objectname)%00%(*objectname) [5ms]
2026-07-04 09:47:29.287 [info] > git status -z -uall [72ms]
2026-07-04 09:47:34.347 [info] > git config --get commit.template [18ms]
2026-07-04 09:47:34.348 [info] > git for-each-ref --format=%(refname)%00%(upstream:short)%00%(objectname)%00%(upstream:track)%00%(upstream:remotename)%00%(upstream:remoteref) refs/heads/main refs/remotes/main [3ms]
2026-07-04 09:47:34.394 [info] > git for-each-ref --sort -committerdate --format %(refname)%00%(objectname)%00%(*objectname) [7ms]
2026-07-04 09:47:34.420 [info] > git status -z -uall [55ms]
2026-07-04 09:47:39.467 [info] > git config --get commit.template [17ms]
2026-07-04 09:47:39.468 [info] > git for-each-ref --format=%(refname)%00%(upstream:short)%00%(objectname)%00%(upstream:track)%00%(upstream:remotename)%00%(upstream:remoteref) refs/heads/main refs/remotes/main [2ms]
2026-07-04 09:47:39.503 [info] > git for-each-ref --sort -committerdate --format %(refname)%00%(objectname)%00%(*objectname) [3ms]
2026-07-04 09:47:39.527 [info] > git status -z -uall [43ms]
2026-07-04 09:47:44.575 [info] > git config --get commit.template [19ms]
2026-07-04 09:47:44.576 [info] > git for-each-ref --format=%(refname)%00%(upstream:short)%00%(objectname)%00%(upstream:track)%00%(upstream:remotename)%00%(upstream:remoteref) refs/heads/main refs/remotes/main [3ms]
2026-07-04 09:47:44.613 [info] > git for-each-ref --sort -committerdate --format %(refname)%00%(objectname)%00%(*objectname) [3ms]
2026-07-04 09:47:44.644 [info] > git status -z -uall [50ms]
2026-07-04 09:47:49.690 [info] > git config --get commit.template [17ms]
2026-07-04 09:47:49.691 [info] > git for-each-ref --format=%(refname)%00%(upstream:short)%00%(objectname)%00%(upstream:track)%00%(upstream:remotename)%00%(upstream:remoteref) refs/heads/main refs/remotes/main [2ms]
2026-07-04 09:47:49.728 [info] > git for-each-ref --sort -committerdate --format %(refname)%00%(objectname)%00%(*objectname) [2ms]
2026-07-04 09:47:49.755 [info] > git status -z -uall [47ms]
2026-07-04 09:47:54.797 [info] > git config --get commit.template [14ms]
2026-07-04 09:47:54.798 [info] > git for-each-ref --format=%(refname)%00%(upstream:short)%00%(objectname)%00%(upstream:track)%00%(upstream:remotename)%00%(upstream:remoteref) refs/heads/main refs/remotes/main [2ms]
2026-07-04 09:47:54.824 [info] > git for-each-ref --sort -committerdate --format %(refname)%00%(objectname)%00%(*objectname) [2ms]
2026-07-04 09:47:54.853 [info] > git status -z -uall [43ms]
2026-07-04 09:47:59.900 [info] > git config --get commit.template [18ms]
2026-07-04 09:47:59.902 [info] > git for-each-ref --format=%(refname)%00%(upstream:short)%00%(objectname)%00%(upstream:track)%00%(upstream:remotename)%00%(upstream:remoteref) refs/heads/main refs/remotes/main [3ms]
2026-07-04 09:47:59.937 [info] > git for-each-ref --sort -committerdate --format %(refname)%00%(objectname)%00%(*objectname) [3ms]
2026-07-04 09:47:59.961 [info] > git status -z -uall [43ms]
2026-07-04 09:48:02.820 [info] > git check-ignore -v -z --stdin [3ms]
2026-07-04 09:48:02.942 [info] > git check-ignore -v -z --stdin [34ms]
2026-07-04 09:48:02.943 [info] > git show --textconv :add.py [20ms]
2026-07-04 09:48:02.957 [info] > git ls-files --stage -- add.py [18ms]
2026-07-04 09:48:02.970 [info] > git hash-object -t tree /dev/null [15ms]
2026-07-04 09:48:02.971 [warning] [GitFileSystemProvider][readFile] File not found - git:/home/psv2482109/add.py.git?%7B%22path%22%3A%22%2Fhome%2Fpsv2482109%2Fadd.py%22%2C%22ref%22%3A%22%22%7D
2026-07-04 09:48:02.982 [info] > git hash-object -t tree /dev/null [12ms]
2026-07-04 09:48:02.982 [warning] [GitFileSystemProvider][stat] File not found - git:/home/psv2482109/add.py.git?%7B%22path%22%3A%22%2Fhome%2Fpsv2482109%2Fadd.py%22%2C%22ref%22%3A%22%22%7D
2026-07-04 09:48:08.094 [info] > git config --get commit.template [6ms]
2026-07-04 09:48:08.111 [info] > git for-each-ref --format=%(refname)%00%(upstream:short)%00%(objectname)%00%(upstream:track)%00%(upstream:remotename)%00%(upstream:remoteref) refs/heads/main refs/remotes/main [4ms]
2026-07-04 09:48:08.135 [info] > git for-each-ref --sort -committerdate --format %(refname)%00%(objectname)%00%(*objectname) [3ms]
2026-07-04 09:48:08.161 [info] > git status -z -uall [38ms]
2026-07-04 09:48:13.202 [info] > git config --get commit.template [14ms]
2026-07-04 09:48:13.203 [info] > git for-each-ref --format=%(refname)%00%(upstream:short)%00%(objectname)%00%(upstream:track)%00%(upstream:remotename)%00%(upstream:remoteref) refs/heads/main refs/remotes/main [3ms]
2026-07-04 09:48:13.232 [info] > git for-each-ref --sort -committerdate --format %(refname)%00%(objectname)%00%(*objectname) [3ms]
2026-07-04 09:48:13.258 [info] > git status -z -uall [42ms]
2026-07-04 09:48:18.304 [info] > git config --get commit.template [15ms]
2026-07-04 09:48:18.305 [info] > git for-each-ref --format=%(refname)%00%(upstream:short)%00%(objectname)%00%(upstream:track)%00%(upstream:remotename)%00%(upstream:remoteref) refs/heads/main refs/remotes/main [2ms]
2026-07-04 09:48:18.334 [info] > git for-each-ref --sort -committerdate --format %(refname)%00%(objectname)%00%(*objectname) [3ms]
2026-07-04 09:48:18.362 [info] > git status -z -uall [43ms]
2026-07-04 09:48:54.392 [info] > git config --get commit.template [16ms]
2026-07-04 09:48:54.393 [info] > git for-each-ref --format=%(refname)%00%(upstream:short)%00%(objectname)%00%(upstream:track)%00%(upstream:remotename)%00%(upstream:remoteref) refs/heads/main refs/remotes/main [2ms]
2026-07-04 09:48:54.424 [info] > git for-each-ref --sort -committerdate --format %(refname)%00%(objectname)%00%(*objectname) [4ms]
2026-07-04 09:48:54.453 [info] > git status -z -uall [45ms]
2026-07-04 09:48:59.499 [info] > git config --get commit.template [15ms]
2026-07-04 09:48:59.501 [info] > git for-each-ref --format=%(refname)%00%(upstream:short)%00%(objectname)%00%(upstream:track)%00%(upstream:remotename)%00%(upstream:remoteref) refs/heads/main refs/remotes/main [3ms]
2026-07-04 09:48:59.538 [info] > git for-each-ref --sort -committerdate --format %(refname)%00%(objectname)%00%(*objectname) [10ms]
2026-07-04 09:48:59.561 [info] > git status -z -uall [46ms]
2026-07-04 09:49:04.601 [info] > git config --get commit.template [14ms]
2026-07-04 09:49:04.602 [info] > git for-each-ref --format=%(refname)%00%(upstream:short)%00%(objectname)%00%(upstream:track)%00%(upstream:remotename)%00%(upstream:remoteref) refs/heads/main refs/remotes/main [2ms]
2026-07-04 09:49:04.633 [info] > git for-each-ref --sort -committerdate --format %(refname)%00%(objectname)%00%(*objectname) [3ms]
2026-07-04 09:49:04.662 [info] > git status -z -uall [45ms]
2026-07-04 09:49:09.702 [info] > git config --get commit.template [15ms]
2026-07-04 09:49:09.703 [info] > git for-each-ref --format=%(refname)%00%(upstream:short)%00%(objectname)%00%(upstream:track)%00%(upstream:remotename)%00%(upstream:remoteref) refs/heads/main refs/remotes/main [3ms]
2026-07-04 09:49:09.732 [info] > git for-each-ref --sort -committerdate --format %(refname)%00%(objectname)%00%(*objectname) [3ms]
2026-07-04 09:49:09.759 [info] > git status -z -uall [43ms]
2026-07-04 09:49:36.704 [info] > git config --get commit.template [3ms]
2026-07-04 09:49:36.726 [info] > git for-each-ref --format=%(refname)%00%(upstream:short)%00%(objectname)%00%(upstream:track)%00%(upstream:remotename)%00%(upstream:remoteref) refs/heads/main refs/remotes/main [4ms]
2026-07-04 09:49:36.757 [info] > git for-each-ref --sort -committerdate --format %(refname)%00%(objectname)%00%(*objectname) [2ms]
2026-07-04 09:49:36.785 [info] > git status -z -uall [43ms]
2026-07-04 09:49:41.823 [info] > git config --get commit.template [13ms]
2026-07-04 09:49:41.825 [info] > git for-each-ref --format=%(refname)%00%(upstream:short)%00%(objectname)%00%(upstream:track)%00%(upstream:remotename)%00%(upstream:remoteref) refs/heads/main refs/remotes/main [3ms]
2026-07-04 09:49:41.850 [info] > git for-each-ref --sort -committerdate --format %(refname)%00%(objectname)%00%(*objectname) [2ms]
2026-07-04 09:49:41.884 [info] > git status -z -uall [47ms]
2026-07-04 09:50:00.388 [info] > git config --get commit.template [11ms]
2026-07-04 09:50:00.389 [info] > git for-each-ref --format=%(refname)%00%(upstream:short)%00%(objectname)%00%(upstream:track)%00%(upstream:remotename)%00%(upstream:remoteref) refs/heads/main refs/remotes/main [2ms]
2026-07-04 09:50:00.411 [info] > git for-each-ref --sort -committerdate --format %(refname)%00%(objectname)%00%(*objectname) [2ms]
2026-07-04 09:50:00.439 [info] > git status -z -uall [41ms]
2026-07-04 09:50:05.472 [info] > git config --get commit.template [11ms]
2026-07-04 09:50:05.473 [info] > git for-each-ref --format=%(refname)%00%(upstream:short)%00%(objectname)%00%(upstream:track)%00%(upstream:remotename)%00%(upstream:remoteref) refs/heads/main refs/remotes/main [2ms]
2026-07-04 09:50:05.495 [info] > git for-each-ref --sort -committerdate --format %(refname)%00%(objectname)%00%(*objectname) [2ms]
2026-07-04 09:50:05.523 [info] > git status -z -uall [40ms]
2026-07-04 09:50:10.556 [info] > git config --get commit.template [11ms]
2026-07-04 09:50:10.557 [info] > git for-each-ref --format=%(refname)%00%(upstream:short)%00%(objectname)%00%(upstream:track)%00%(upstream:remotename)%00%(upstream:remoteref) refs/heads/main refs/remotes/main [2ms]
2026-07-04 09:50:10.578 [info] > git for-each-ref --sort -committerdate --format %(refname)%00%(objectname)%00%(*objectname) [2ms]
2026-07-04 09:50:10.606 [info] > git status -z -uall [39ms]
2026-07-04 09:50:19.979 [info] > git config --get commit.template [10ms]
2026-07-04 09:50:19.981 [info] > git for-each-ref --format=%(refname)%00%(upstream:short)%00%(objectname)%00%(upstream:track)%00%(upstream:remotename)%00%(upstream:remoteref) refs/heads/main refs/remotes/main [2ms]
2026-07-04 09:50:20.004 [info] > git for-each-ref --sort -committerdate --format %(refname)%00%(objectname)%00%(*objectname) [2ms]
2026-07-04 09:50:20.030 [info] > git status -z -uall [38ms]
2026-07-04 09:50:25.065 [info] > git config --get commit.template [12ms]
2026-07-04 09:50:25.066 [info] > git for-each-ref --format=%(refname)%00%(upstream:short)%00%(objectname)%00%(upstream:track)%00%(upstream:remotename)%00%(upstream:remoteref) refs/heads/main refs/remotes/main [3ms]
2026-07-04 09:50:25.090 [info] > git for-each-ref --sort -committerdate --format %(refname)%00%(objectname)%00%(*objectname) [3ms]
2026-07-04 09:50:25.118 [info] > git status -z -uall [41ms]
2026-07-04 09:50:34.988 [info] > git config --get commit.template [3ms]
2026-07-04 09:50:34.999 [info] > git for-each-ref --format=%(refname)%00%(upstream:short)%00%(objectname)%00%(upstream:track)%00%(upstream:remotename)%00%(upstream:remoteref) refs/heads/main refs/remotes/main [2ms]
2026-07-04 09:50:35.025 [info] > git for-each-ref --sort -committerdate --format %(refname)%00%(objectname)%00%(*objectname) [3ms]
2026-07-04 09:50:35.050 [info] > git status -z -uall [39ms]
2026-07-04 09:50:40.090 [info] > git config --get commit.template [11ms]
2026-07-04 09:50:40.092 [info] > git for-each-ref --format=%(refname)%00%(upstream:short)%00%(objectname)%00%(upstream:track)%00%(upstream:remotename)%00%(upstream:remoteref) refs/heads/main refs/remotes/main [3ms]
2026-07-04 09:50:40.118 [info] > git for-each-ref --sort -committerdate --format %(refname)%00%(objectname)%00%(*objectname) [3ms]
2026-07-04 09:50:40.144 [info] > git status -z -uall [42ms]
2026-07-04 09:50:45.187 [info] > git config --get commit.template [14ms]
2026-07-04 09:50:45.188 [info] > git for-each-ref --format=%(refname)%00%(upstream:short)%00%(objectname)%00%(upstream:track)%00%(upstream:remotename)%00%(upstream:remoteref) refs/heads/main refs/remotes/main [3ms]
2026-07-04 09:50:45.215 [info] > git for-each-ref --sort -committerdate --format %(refname)%00%(objectname)%00%(*objectname) [2ms]
2026-07-04 09:50:45.263 [info] > git status -z -uall [64ms]
2026-07-04 09:50:46.078 [info] > git check-ignore -v -z --stdin [4ms]
2026-07-04 09:50:46.216 [info] > git show --textconv :add.py [35ms]
2026-07-04 09:50:46.216 [info] > git show --textconv HEAD:add.py [25ms]
2026-07-04 09:50:46.216 [info] > git ls-files --stage -- add.py [14ms]
2026-07-04 09:50:46.227 [warning] [GitFileSystemProvider][readFile] File not found - git:/home/psv2482109/add.py.git?%7B%22path%22%3A%22%2Fhome%2Fpsv2482109%2Fadd.py%22%2C%22ref%22%3A%22HEAD%22%7D
2026-07-04 09:50:46.229 [info] > git cat-file -s db6c7812564e033eb302023322204dc37fa64f63 [3ms]
2026-07-04 09:50:46.230 [info] > git ls-tree -l HEAD -- add.py [16ms]
2026-07-04 09:50:46.230 [warning] [GitFileSystemProvider][stat] File not found - git:/home/psv2482109/add.py.git?%7B%22path%22%3A%22%2Fhome%2Fpsv2482109%2Fadd.py%22%2C%22ref%22%3A%22HEAD%22%7D
2026-07-04 09:50:46.446 [info] > git blame --root --incremental 8ab3e049bfada853be40660013a09814b825d095 -- add.py [2ms]
2026-07-04 09:50:46.447 [info] fatal: no such path add.py in 8ab3e049bfada853be40660013a09814b825d095
2026-07-04 09:50:53.504 [info] > git config --get commit.template [2ms]
2026-07-04 09:50:53.517 [info] > git for-each-ref --format=%(refname)%00%(upstream:short)%00%(objectname)%00%(upstream:track)%00%(upstream:remotename)%00%(upstream:remoteref) refs/heads/main refs/remotes/main [2ms]
2026-07-04 09:50:53.540 [info] > git for-each-ref --sort -committerdate --format %(refname)%00%(objectname)%00%(*objectname) [3ms]
2026-07-04 09:50:53.590 [info] > git status -z -uall [63ms]
2026-07-04 09:50:54.494 [info] > git check-ignore -v -z --stdin [5ms]
2026-07-04 09:50:58.630 [info] > git config --get commit.template [12ms]
2026-07-04 09:50:58.631 [info] > git for-each-ref --format=%(refname)%00%(upstream:short)%00%(objectname)%00%(upstream:track)%00%(upstream:remotename)%00%(upstream:remoteref) refs/heads/main refs/remotes/main [2ms]
2026-07-04 09:50:58.654 [info] > git for-each-ref --sort -committerdate --format %(refname)%00%(objectname)%00%(*objectname) [2ms]
2026-07-04 09:50:58.694 [info] > git status -z -uall [52ms]
2026-07-04 09:50:59.596 [info] > git check-ignore -v -z --stdin [2ms]
2026-07-04 09:51:06.747 [info] > git config --get commit.template [12ms]
2026-07-04 09:51:06.748 [info] > git for-each-ref --format=%(refname)%00%(upstream:short)%00%(objectname)%00%(upstream:track)%00%(upstream:remotename)%00%(upstream:remoteref) refs/heads/main refs/remotes/main [2ms]
2026-07-04 09:51:06.771 [info] > git for-each-ref --sort -committerdate --format %(refname)%00%(objectname)%00%(*objectname) [2ms]
2026-07-04 09:51:06.810 [info] > git status -z -uall [52ms]
2026-07-04 09:51:07.735 [info] > git check-ignore -v -z --stdin [6ms]
2026-07-04 09:51:10.730 [info] > git ls-files --stage -- add.py [3ms]
2026-07-04 09:51:10.742 [info] > git cat-file -s db6c7812564e033eb302023322204dc37fa64f63 [2ms]
2026-07-04 09:51:10.843 [info] > git show --textconv :add.py [2ms]
2026-07-04 09:51:11.846 [info] > git for-each-ref --format=%(refname)%00%(upstream:short)%00%(objectname)%00%(upstream:track)%00%(upstream:remotename)%00%(upstream:remoteref) refs/heads/main refs/remotes/main [3ms]
2026-07-04 09:51:11.847 [info] > git config --get commit.template [13ms]
2026-07-04 09:51:11.872 [info] > git for-each-ref --sort -committerdate --format %(refname)%00%(objectname)%00%(*objectname) [4ms]
2026-07-04 09:51:11.900 [info] > git status -z -uall [43ms]
2026-07-04 09:51:11.937 [info] > git blame --root --incremental 35fae3e9197d903be42233d36d5195ff64eb910e -- add.py [18ms]
2026-07-04 09:51:11.944 [info] > git merge-base refs/heads/main refs/remotes/origin/main [9ms]
2026-07-04 09:51:11.960 [info] > git diff --raw --numstat --diff-filter=ADMR -z --find-renames=50% 511d564c415f7f8b7e140056f19a2887dc74f276...refs/remotes/origin/main -- [3ms]
2026-07-04 09:51:12.524 [info] > git check-ignore -v -z --stdin [3ms]
2026-07-04 09:51:20.474 [info] > git config --get commit.template [16ms]
2026-07-04 09:51:20.476 [info] > git for-each-ref --format=%(refname)%00%(upstream:short)%00%(objectname)%00%(upstream:track)%00%(upstream:remotename)%00%(upstream:remoteref) refs/heads/main refs/remotes/main [4ms]
2026-07-04 09:51:20.503 [info] > git for-each-ref --sort -committerdate --format %(refname)%00%(objectname)%00%(*objectname) [2ms]
2026-07-04 09:51:20.535 [info] > git status -z -uall [44ms]
2026-07-04 09:51:24.079 [info] > git ls-files --stage -- add.py [3ms]
2026-07-04 09:51:24.090 [info] > git cat-file -s db6c7812564e033eb302023322204dc37fa64f63 [2ms]
2026-07-04 09:51:24.192 [info] > git show --textconv :add.py [2ms]
2026-07-04 09:51:25.556 [info] > git config --get commit.template [1ms]
2026-07-04 09:51:25.568 [info] > git for-each-ref --format=%(refname)%00%(upstream:short)%00%(objectname)%00%(upstream:track)%00%(upstream:remotename)%00%(upstream:remoteref) refs/heads/main refs/remotes/main [2ms]
2026-07-04 09:51:25.594 [info] > git for-each-ref --sort -committerdate --format %(refname)%00%(objectname)%00%(*objectname) [3ms]
2026-07-04 09:51:25.620 [info] > git status -z -uall [40ms]
2026-07-04 09:51:32.814 [info] > git config --get commit.template [3ms]
2026-07-04 09:51:32.827 [info] > git for-each-ref --format=%(refname)%00%(upstream:short)%00%(objectname)%00%(upstream:track)%00%(upstream:remotename)%00%(upstream:remoteref) refs/heads/main refs/remotes/main [3ms]
2026-07-04 09:51:32.855 [info] > git for-each-ref --sort -committerdate --format %(refname)%00%(objectname)%00%(*objectname) [3ms]
2026-07-04 09:51:32.885 [info] > git status -z -uall [45ms]
2026-07-04 09:51:37.914 [info] > git config --get commit.template [13ms]
2026-07-04 09:51:37.916 [info] > git for-each-ref --format=%(refname)%00%(upstream:short)%00%(objectname)%00%(upstream:track)%00%(upstream:remotename)%00%(upstream:remoteref) refs/heads/main refs/remotes/main [3ms]
2026-07-04 09:51:37.943 [info] > git for-each-ref --sort -committerdate --format %(refname)%00%(objectname)%00%(*objectname) [2ms]
2026-07-04 09:51:37.978 [info] > git status -z -uall [50ms]
2026-07-04 09:51:43.005 [info] > git config --get commit.template [12ms]
2026-07-04 09:51:43.007 [info] > git for-each-ref --format=%(refname)%00%(upstream:short)%00%(objectname)%00%(upstream:track)%00%(upstream:remotename)%00%(upstream:remoteref) refs/heads/main refs/remotes/main [3ms]
2026-07-04 09:51:43.036 [info] > git for-each-ref --sort -committerdate --format %(refname)%00%(objectname)%00%(*objectname) [3ms]
2026-07-04 09:51:43.065 [info] > git status -z -uall [45ms]
2026-07-04 09:51:48.854 [info] > git config --get commit.template [2ms]
2026-07-04 09:51:48.869 [info] > git for-each-ref --format=%(refname)%00%(upstream:short)%00%(objectname)%00%(upstream:track)%00%(upstream:remotename)%00%(upstream:remoteref) refs/heads/main refs/remotes/main [3ms]
2026-07-04 09:51:48.895 [info] > git for-each-ref --sort -committerdate --format %(refname)%00%(objectname)%00%(*objectname) [3ms]
2026-07-04 09:51:48.932 [info] > git status -z -uall [51ms]
2026-07-04 09:51:53.958 [info] > git config --get commit.template [12ms]
2026-07-04 09:51:53.960 [info] > git for-each-ref --format=%(refname)%00%(upstream:short)%00%(objectname)%00%(upstream:track)%00%(upstream:remotename)%00%(upstream:remoteref) refs/heads/main refs/remotes/main [2ms]
2026-07-04 09:51:53.985 [info] > git for-each-ref --sort -committerdate --format %(refname)%00%(objectname)%00%(*objectname) [2ms]
2026-07-04 09:51:54.015 [info] > git status -z -uall [44ms]
2026-07-04 09:51:54.511 [info] > git check-ignore -v -z --stdin [3ms]
2026-07-04 09:58:04.030 [info] > git config --get commit.template [2ms]
2026-07-04 09:58:04.043 [info] > git for-each-ref --format=%(refname)%00%(upstream:short)%00%(objectname)%00%(upstream:track)%00%(upstream:remotename)%00%(upstream:remoteref) refs/heads/main refs/remotes/main [3ms]
2026-07-04 09:58:04.068 [info] > git for-each-ref --sort -committerdate --format %(refname)%00%(objectname)%00%(*objectname) [3ms]
2026-07-04 09:58:04.097 [info] > git status -z -uall [42ms]
2026-07-04 09:58:04.587 [info] > git check-ignore -v -z --stdin [3ms]
2026-07-04 09:58:09.117 [info] > git config --get commit.template [3ms]
2026-07-04 09:58:09.129 [info] > git for-each-ref --format=%(refname)%00%(upstream:short)%00%(objectname)%00%(upstream:track)%00%(upstream:remotename)%00%(upstream:remoteref) refs/heads/main refs/remotes/main [2ms]
2026-07-04 09:58:09.150 [info] > git for-each-ref --sort -committerdate --format %(refname)%00%(objectname)%00%(*objectname) [2ms]
2026-07-04 09:58:09.176 [info] > git status -z -uall [37ms]
2026-07-04 09:58:14.084 [info] > git ls-files --stage -- add.py [4ms]
2026-07-04 09:58:14.095 [info] > git cat-file -s db6c7812564e033eb302023322204dc37fa64f63 [2ms]
2026-07-04 09:58:14.203 [info] > git config --get commit.template [13ms]
2026-07-04 09:58:14.214 [info] > git show --textconv :add.py [12ms]
2026-07-04 09:58:14.216 [info] > git for-each-ref --format=%(refname)%00%(upstream:short)%00%(objectname)%00%(upstream:track)%00%(upstream:remotename)%00%(upstream:remoteref) refs/heads/main refs/remotes/main [3ms]
2026-07-04 09:58:14.238 [info] > git for-each-ref --sort -committerdate --format %(refname)%00%(objectname)%00%(*objectname) [3ms]
2026-07-04 09:58:14.265 [info] > git status -z -uall [39ms]
2026-07-04 09:58:24.141 [info] > git config --get commit.template [12ms]
2026-07-04 09:58:24.142 [info] > git for-each-ref --format=%(refname)%00%(upstream:short)%00%(objectname)%00%(upstream:track)%00%(upstream:remotename)%00%(upstream:remoteref) refs/heads/main refs/remotes/main [2ms]
2026-07-04 09:58:24.164 [info] > git for-each-ref --sort -committerdate --format %(refname)%00%(objectname)%00%(*objectname) [2ms]
2026-07-04 09:58:24.191 [info] > git status -z -uall [39ms]
2026-07-04 09:58:29.217 [info] > git config --get commit.template [12ms]
2026-07-04 09:58:29.219 [info] > git for-each-ref --format=%(refname)%00%(upstream:short)%00%(objectname)%00%(upstream:track)%00%(upstream:remotename)%00%(upstream:remoteref) refs/heads/main refs/remotes/main [4ms]
2026-07-04 09:58:29.241 [info] > git for-each-ref --sort -committerdate --format %(refname)%00%(objectname)%00%(*objectname) [3ms]
2026-07-04 09:58:29.267 [info] > git status -z -uall [38ms]
2026-07-04 09:58:31.792 [info] > git ls-files --stage -- add.py [2ms]
2026-07-04 09:58:31.804 [info] > git cat-file -s db6c7812564e033eb302023322204dc37fa64f63 [2ms]
2026-07-04 09:58:31.905 [info] > git show --textconv :add.py [2ms]
2026-07-04 09:58:34.290 [info] > git config --get commit.template [11ms]
2026-07-04 09:58:34.292 [info] > git for-each-ref --format=%(refname)%00%(upstream:short)%00%(objectname)%00%(upstream:track)%00%(upstream:remotename)%00%(upstream:remoteref) refs/heads/main refs/remotes/main [2ms]
2026-07-04 09:58:34.314 [info] > git for-each-ref --sort -committerdate --format %(refname)%00%(objectname)%00%(*objectname) [2ms]
2026-07-04 09:58:34.340 [info] > git status -z -uall [38ms]
2026-07-04 09:58:34.837 [info] > git check-ignore -v -z --stdin [3ms]
2026-07-04 09:58:49.700 [info] > git config --get commit.template [3ms]
2026-07-04 09:58:49.712 [info] > git for-each-ref --format=%(refname)%00%(upstream:short)%00%(objectname)%00%(upstream:track)%00%(upstream:remotename)%00%(upstream:remoteref) refs/heads/main refs/remotes/main [2ms]
2026-07-04 09:58:49.735 [info] > git for-each-ref --sort -committerdate --format %(refname)%00%(objectname)%00%(*objectname) [2ms]
2026-07-04 09:58:49.761 [info] > git status -z -uall [39ms]
2026-07-04 09:58:50.261 [info] > git check-ignore -v -z --stdin [3ms]
2026-07-04 09:58:53.952 [info] > git ls-files --stage -- add.py [3ms]
2026-07-04 09:58:53.965 [info] > git cat-file -s db6c7812564e033eb302023322204dc37fa64f63 [3ms]
2026-07-04 09:58:54.064 [info] > git show --textconv :add.py [3ms]
2026-07-04 09:58:54.779 [info] > git config --get commit.template [2ms]
2026-07-04 09:58:54.790 [info] > git for-each-ref --format=%(refname)%00%(upstream:short)%00%(objectname)%00%(upstream:track)%00%(upstream:remotename)%00%(upstream:remoteref) refs/heads/main refs/remotes/main [2ms]
2026-07-04 09:58:54.815 [info] > git for-each-ref --sort -committerdate --format %(refname)%00%(objectname)%00%(*objectname) [3ms]
2026-07-04 09:58:54.842 [info] > git status -z -uall [41ms]
2026-07-04 09:58:54.873 [info] > git blame --root --incremental 20572410c21fee95ce22a9e2815330fec206a3da -- add.py [13ms]
2026-07-04 09:58:54.874 [info] > git merge-base refs/heads/main refs/remotes/origin/main [3ms]
2026-07-04 09:58:54.889 [info] > git diff --raw --numstat --diff-filter=ADMR -z --find-renames=50% 511d564c415f7f8b7e140056f19a2887dc74f276...refs/remotes/origin/main -- [3ms]
2026-07-04 09:58:55.343 [info] > git check-ignore -v -z --stdin [3ms]
2026-07-04 09:58:59.895 [info] > git config --get commit.template [12ms]
2026-07-04 09:58:59.898 [info] > git for-each-ref --format=%(refname)%00%(upstream:short)%00%(objectname)%00%(upstream:track)%00%(upstream:remotename)%00%(upstream:remoteref) refs/heads/main refs/remotes/main [4ms]
2026-07-04 09:58:59.921 [info] > git for-each-ref --sort -committerdate --format %(refname)%00%(objectname)%00%(*objectname) [2ms]
2026-07-04 09:58:59.957 [info] > git status -z -uall [48ms]
2026-07-04 09:59:03.639 [info] > git ls-files --stage -- add.py [3ms]
2026-07-04 09:59:03.651 [info] > git cat-file -s db6c7812564e033eb302023322204dc37fa64f63 [1ms]
2026-07-04 09:59:03.754 [info] > git show --textconv :add.py [2ms]
2026-07-04 09:59:09.304 [info] > git config --get commit.template [3ms]
2026-07-04 09:59:09.316 [info] > git for-each-ref --format=%(refname)%00%(upstream:short)%00%(objectname)%00%(upstream:track)%00%(upstream:remotename)%00%(upstream:remoteref) refs/heads/main refs/remotes/main [2ms]
2026-07-04 09:59:09.338 [info] > git for-each-ref --sort -committerdate --format %(refname)%00%(objectname)%00%(*objectname) [2ms]
2026-07-04 09:59:09.365 [info] > git status -z -uall [38ms]
2026-07-04 09:59:22.388 [info] > git config --get commit.template [2ms]
2026-07-04 09:59:22.399 [info] > git for-each-ref --format=%(refname)%00%(upstream:short)%00%(objectname)%00%(upstream:track)%00%(upstream:remotename)%00%(upstream:remoteref) refs/heads/main refs/remotes/main [2ms]
2026-07-04 09:59:22.422 [info] > git for-each-ref --sort -committerdate --format %(refname)%00%(objectname)%00%(*objectname) [2ms]
2026-07-04 09:59:22.448 [info] > git status -z -uall [38ms]
2026-07-04 09:59:27.474 [info] > git for-each-ref --format=%(refname)%00%(upstream:short)%00%(objectname)%00%(upstream:track)%00%(upstream:remotename)%00%(upstream:remoteref) refs/heads/main refs/remotes/main [3ms]
2026-07-04 09:59:27.474 [info] > git config --get commit.template [13ms]
2026-07-04 09:59:27.498 [info] > git for-each-ref --sort -committerdate --format %(refname)%00%(objectname)%00%(*objectname) [2ms]
2026-07-04 09:59:27.523 [info] > git status -z -uall [38ms]
2026-07-04 09:59:28.027 [info] > git check-ignore -v -z --stdin [2ms]
2026-07-04 09:59:32.545 [info] > git config --get commit.template [11ms]
2026-07-04 09:59:32.546 [info] > git for-each-ref --format=%(refname)%00%(upstream:short)%00%(objectname)%00%(upstream:track)%00%(upstream:remotename)%00%(upstream:remoteref) refs/heads/main refs/remotes/main [2ms]
2026-07-04 09:59:32.569 [info] > git for-each-ref --sort -committerdate --format %(refname)%00%(objectname)%00%(*objectname) [2ms]
2026-07-04 09:59:32.594 [info] > git status -z -uall [37ms]
2026-07-04 09:59:37.617 [info] > git config --get commit.template [10ms]
2026-07-04 09:59:37.619 [info] > git for-each-ref --format=%(refname)%00%(upstream:short)%00%(objectname)%00%(upstream:track)%00%(upstream:remotename)%00%(upstream:remoteref) refs/heads/main refs/remotes/main [2ms]
2026-07-04 09:59:37.640 [info] > git for-each-ref --sort -committerdate --format %(refname)%00%(objectname)%00%(*objectname) [2ms]
2026-07-04 09:59:37.666 [info] > git status -z -uall [38ms]
2026-07-04 10:00:02.268 [info] > git config --get commit.template [4ms]
2026-07-04 10:00:02.283 [info] > git for-each-ref --format=%(refname)%00%(upstream:short)%00%(objectname)%00%(upstream:track)%00%(upstream:remotename)%00%(upstream:remoteref) refs/heads/main refs/remotes/main [3ms]
2026-07-04 10:00:02.313 [info] > git for-each-ref --sort -committerdate --format %(refname)%00%(objectname)%00%(*objectname) [5ms]
2026-07-04 10:00:02.350 [info] > git status -z -uall [53ms]
2026-07-04 10:00:07.376 [info] > git config --get commit.template [12ms]
2026-07-04 10:00:07.377 [info] > git for-each-ref --format=%(refname)%00%(upstream:short)%00%(objectname)%00%(upstream:track)%00%(upstream:remotename)%00%(upstream:remoteref) refs/heads/main refs/remotes/main [2ms]
2026-07-04 10:00:07.400 [info] > git for-each-ref --sort -committerdate --format %(refname)%00%(objectname)%00%(*objectname) [2ms]
2026-07-04 10:00:07.428 [info] > git status -z -uall [40ms]
2026-07-04 10:00:30.963 [info] > git config --get commit.template [11ms]
2026-07-04 10:00:30.964 [info] > git for-each-ref --format=%(refname)%00%(upstream:short)%00%(objectname)%00%(upstream:track)%00%(upstream:remotename)%00%(upstream:remoteref) refs/heads/main refs/remotes/main [2ms]
2026-07-04 10:00:30.986 [info] > git for-each-ref --sort -committerdate --format %(refname)%00%(objectname)%00%(*objectname) [2ms]
2026-07-04 10:00:31.012 [info] > git status -z -uall [38ms]
2026-07-04 10:00:36.521 [info] > git config --get commit.template [11ms]
2026-07-04 10:00:36.523 [info] > git for-each-ref --format=%(refname)%00%(upstream:short)%00%(objectname)%00%(upstream:track)%00%(upstream:remotename)%00%(upstream:remoteref) refs/heads/main refs/remotes/main [3ms]
2026-07-04 10:00:36.546 [info] > git for-each-ref --sort -committerdate --format %(refname)%00%(objectname)%00%(*objectname) [3ms]
2026-07-04 10:00:36.575 [info] > git status -z -uall [40ms]
2026-07-04 10:00:41.224 [info] > git ls-files --stage -- add.py [2ms]
2026-07-04 10:00:41.238 [info] > git cat-file -s db6c7812564e033eb302023322204dc37fa64f63 [3ms]
2026-07-04 10:00:41.337 [info] > git show --textconv :add.py [2ms]
2026-07-04 10:00:43.145 [info] > git config --get commit.template [11ms]
2026-07-04 10:00:43.148 [info] > git for-each-ref --format=%(refname)%00%(upstream:short)%00%(objectname)%00%(upstream:track)%00%(upstream:remotename)%00%(upstream:remoteref) refs/heads/main refs/remotes/main [3ms]
2026-07-04 10:00:43.172 [info] > git for-each-ref --sort -committerdate --format %(refname)%00%(objectname)%00%(*objectname) [2ms]
2026-07-04 10:00:43.200 [info] > git status -z -uall [39ms]
2026-07-04 10:00:48.218 [info] > git config --get commit.template [3ms]
2026-07-04 10:00:48.230 [info] > git for-each-ref --format=%(refname)%00%(upstream:short)%00%(objectname)%00%(upstream:track)%00%(upstream:remotename)%00%(upstream:remoteref) refs/heads/main refs/remotes/main [3ms]
2026-07-04 10:00:48.253 [info] > git for-each-ref --sort -committerdate --format %(refname)%00%(objectname)%00%(*objectname) [3ms]
2026-07-04 10:00:48.284 [info] > git status -z -uall [44ms]
2026-07-04 10:00:53.300 [info] > git config --get commit.template [3ms]
2026-07-04 10:00:53.312 [info] > git for-each-ref --format=%(refname)%00%(upstream:short)%00%(objectname)%00%(upstream:track)%00%(upstream:remotename)%00%(upstream:remoteref) refs/heads/main refs/remotes/main [3ms]
2026-07-04 10:00:53.340 [info] > git for-each-ref --sort -committerdate --format %(refname)%00%(objectname)%00%(*objectname) [3ms]
2026-07-04 10:00:53.369 [info] > git status -z -uall [45ms]
2026-07-04 10:00:55.666 [info] > git ls-files --stage -- add.py [2ms]
2026-07-04 10:00:55.677 [info] > git cat-file -s db6c7812564e033eb302023322204dc37fa64f63 [2ms]
2026-07-04 10:00:55.780 [info] > git show --textconv :add.py [2ms]
2026-07-04 10:00:58.396 [info] > git config --get commit.template [12ms]
2026-07-04 10:00:58.397 [info] > git for-each-ref --format=%(refname)%00%(upstream:short)%00%(objectname)%00%(upstream:track)%00%(upstream:remotename)%00%(upstream:remoteref) refs/heads/main refs/remotes/main [2ms]
2026-07-04 10:00:58.422 [info] > git for-each-ref --sort -committerdate --format %(refname)%00%(objectname)%00%(*objectname) [3ms]
2026-07-04 10:00:58.451 [info] > git status -z -uall [43ms]
2026-07-04 10:00:58.466 [info] > git merge-base refs/heads/main refs/remotes/origin/main [2ms]
2026-07-04 10:00:58.479 [info] > git diff --raw --numstat --diff-filter=ADMR -z --find-renames=50% 20572410c21fee95ce22a9e2815330fec206a3da...refs/remotes/origin/main -- [3ms]
