2026-06-12 04:37:14.266 [info] [main] Log level: Info
2026-06-12 04:37:14.266 [info] [main] Validating found git in: "git"
2026-06-12 04:37:14.266 [info] [main] Using git "2.43.0" from "git"
2026-06-12 04:37:14.266 [info] [Model][doInitialScan] Initial repository scan started
2026-06-12 04:37:14.266 [info] > git rev-parse --show-toplevel [7ms]
2026-06-12 04:37:14.270 [info] > git rev-parse --git-dir --git-common-dir --show-superproject-working-tree [10ms]
2026-06-12 04:37:14.761 [info] [Model][openRepository] Opened repository (path): /home/psv2482109
2026-06-12 04:37:14.761 [info] [Model][openRepository] Opened repository (real path): /home/psv2482109
2026-06-12 04:37:14.761 [info] [Model][openRepository] Opened repository (kind): repository
2026-06-12 04:37:14.793 [info] > git config --get commit.template [19ms]
2026-06-12 04:37:15.102 [info] > git rev-parse --show-toplevel [318ms]
2026-06-12 04:37:16.182 [info] > git rev-parse --show-toplevel [1051ms]
2026-06-12 04:37:16.182 [info] > git for-each-ref --format=%(refname)%00%(upstream:short)%00%(objectname)%00%(upstream:track)%00%(upstream:remotename)%00%(upstream:remoteref) refs/heads/main refs/remotes/main [1064ms]
2026-06-12 04:37:19.176 [info] > git check-ignore -v -z --stdin [2982ms]
2026-06-12 04:37:19.177 [info] > git rev-parse --show-toplevel [2961ms]
2026-06-12 04:37:19.256 [info] > git check-ignore -v -z --stdin [50ms]
2026-06-12 04:37:19.257 [info] > git status -z -uall [18ms]
2026-06-12 04:37:19.258 [info] > git rev-parse --show-toplevel [44ms]
2026-06-12 04:37:19.283 [info] > git for-each-ref --sort -committerdate --format %(refname)%00%(objectname)%00%(*objectname) [31ms]
2026-06-12 04:37:19.385 [info] > git for-each-ref --format=%(refname)%00%(upstream:short)%00%(objectname)%00%(upstream:track)%00%(upstream:remotename)%00%(upstream:remoteref) refs/heads/main refs/remotes/main [52ms]
2026-06-12 04:37:19.398 [info] > git rev-parse --show-toplevel [118ms]
2026-06-12 04:37:19.936 [info] > git config --get --local branch.main.vscode-merge-base [537ms]
2026-06-12 04:37:19.938 [warning] [Git][config] git config failed: Failed to execute git
2026-06-12 04:37:19.951 [info] > git config --get commit.template [571ms]
2026-06-12 04:37:19.974 [info] > git reflog main --grep-reflog=branch: Created from *. [23ms]
2026-06-12 04:37:19.985 [info] > git rev-parse --show-toplevel [310ms]
2026-06-12 04:37:20.074 [info] > git symbolic-ref --short refs/remotes/origin/HEAD [84ms]
2026-06-12 04:37:20.074 [info] fatal: ref refs/remotes/origin/HEAD is not a symbolic ref
2026-06-12 04:37:20.074 [warning] [Repository][getDefaultBranch] Failed to get default branch details: Failed to execute git.
2026-06-12 04:37:20.191 [info] > git rev-parse --show-toplevel [132ms]
2026-06-12 04:37:20.191 [info] > git for-each-ref --format=%(refname)%00%(upstream:short)%00%(objectname)%00%(upstream:track)%00%(upstream:remotename)%00%(upstream:remoteref) refs/heads/main refs/remotes/main [190ms]
2026-06-12 04:37:20.284 [info] > git merge-base refs/heads/main refs/remotes/origin/main [173ms]
2026-06-12 04:37:20.342 [info] > git rev-parse --show-toplevel [125ms]
2026-06-12 04:37:20.374 [info] > git diff --raw --numstat --diff-filter=ADMR -z --find-renames=50% 511d564c415f7f8b7e140056f19a2887dc74f276...refs/remotes/origin/main -- [74ms]
2026-06-12 04:37:20.418 [info] > git status -z -uall [28ms]
2026-06-12 04:37:20.420 [info] > git rev-parse --show-toplevel [51ms]
2026-06-12 04:37:20.425 [info] [Model][doInitialScan] Initial repository scan completed - repositories (1), closed repositories (0), parent repositories (0), unsafe repositories (0)
2026-06-12 04:37:20.510 [info] > git show --textconv :app.py [67ms]
2026-06-12 04:37:20.515 [info] > git for-each-ref --sort -committerdate --format %(refname)%00%(objectname)%00%(*objectname) [98ms]
2026-06-12 04:37:20.919 [info] > git ls-files --stage -- app.py [460ms]
2026-06-12 04:37:21.297 [info] > git cat-file -s 704d8d5f1adf7c7ee03b14f22178b3b4efa28bed [365ms]
2026-06-12 04:37:21.759 [info] > git check-ignore -v -z --stdin [34ms]
2026-06-12 04:37:21.766 [info] > git blame --root --incremental 511d564c415f7f8b7e140056f19a2887dc74f276 -- app.py [11ms]
2026-06-12 04:37:22.014 [info] > git check-ignore -v -z --stdin [17ms]
2026-06-12 04:37:24.850 [info] > git config --get commit.template [128ms]
2026-06-12 04:37:24.918 [info] > git for-each-ref --format=%(refname)%00%(upstream:short)%00%(objectname)%00%(upstream:track)%00%(upstream:remotename)%00%(upstream:remoteref) refs/heads/main refs/remotes/main [23ms]
2026-06-12 04:37:25.141 [info] > git status -z -uall [66ms]
2026-06-12 04:37:25.148 [info] > git for-each-ref --sort -committerdate --format %(refname)%00%(objectname)%00%(*objectname) [30ms]
2026-06-12 04:37:26.462 [info] > git check-ignore -v -z --stdin [5ms]
2026-06-12 04:37:38.464 [info] > git config --get commit.template [7ms]
2026-06-12 04:37:38.549 [info] > git for-each-ref --format=%(refname)%00%(upstream:short)%00%(objectname)%00%(upstream:track)%00%(upstream:remotename)%00%(upstream:remoteref) refs/heads/main refs/remotes/main [43ms]
2026-06-12 04:37:38.797 [info] > git status -z -uall [139ms]
2026-06-12 04:37:38.803 [info] > git for-each-ref --sort -committerdate --format %(refname)%00%(objectname)%00%(*objectname) [71ms]
2026-06-12 04:37:48.818 [info] > git config --get commit.template [16ms]
2026-06-12 04:37:48.818 [info] > git for-each-ref --format=%(refname)%00%(upstream:short)%00%(objectname)%00%(upstream:track)%00%(upstream:remotename)%00%(upstream:remoteref) refs/heads/main refs/remotes/main [3ms]
2026-06-12 04:37:48.854 [info] > git status -z -uall [22ms]
2026-06-12 04:37:48.857 [info] > git for-each-ref --sort -committerdate --format %(refname)%00%(objectname)%00%(*objectname) [6ms]
2026-06-12 04:37:50.154 [info] > git check-ignore -v -z --stdin [3ms]
2026-06-12 04:37:50.276 [info] > git show --textconv :requirements.txt [16ms]
2026-06-12 04:37:50.278 [info] > git ls-files --stage -- requirements.txt [3ms]
2026-06-12 04:37:50.296 [info] > git cat-file -s e2513300dbda3dc0882cdbc90427076a31d222c3 [3ms]
2026-06-12 04:37:50.404 [info] > git blame --root --incremental 511d564c415f7f8b7e140056f19a2887dc74f276 -- requirements.txt [4ms]
2026-06-12 04:38:06.138 [info] > git config --get commit.template [19ms]
2026-06-12 04:38:06.139 [info] > git for-each-ref --format=%(refname)%00%(upstream:short)%00%(objectname)%00%(upstream:track)%00%(upstream:remotename)%00%(upstream:remoteref) refs/heads/main refs/remotes/main [4ms]
2026-06-12 04:38:06.178 [info] > git status -z -uall [21ms]
2026-06-12 04:38:06.183 [info] > git for-each-ref --sort -committerdate --format %(refname)%00%(objectname)%00%(*objectname) [7ms]
2026-06-12 04:38:07.024 [info] > git check-ignore -v -z --stdin [6ms]
2026-06-12 04:38:07.793 [info] > git check-ignore -v -z --stdin [4ms]
2026-06-12 04:38:07.922 [info] > git show --textconv :app.py [18ms]
2026-06-12 04:38:07.923 [info] > git ls-files --stage -- app.py [3ms]
2026-06-12 04:38:07.944 [info] > git cat-file -s 704d8d5f1adf7c7ee03b14f22178b3b4efa28bed [4ms]
2026-06-12 04:38:11.218 [info] > git config --get commit.template [4ms]
2026-06-12 04:38:11.238 [info] > git for-each-ref --format=%(refname)%00%(upstream:short)%00%(objectname)%00%(upstream:track)%00%(upstream:remotename)%00%(upstream:remoteref) refs/heads/main refs/remotes/main [5ms]
2026-06-12 04:38:11.276 [info] > git status -z -uall [24ms]
2026-06-12 04:38:11.284 [info] > git for-each-ref --sort -committerdate --format %(refname)%00%(objectname)%00%(*objectname) [12ms]
2026-06-12 04:38:12.103 [info] > git check-ignore -v -z --stdin [4ms]
2026-06-12 04:38:22.131 [info] > git config --get commit.template [11ms]
2026-06-12 04:38:22.132 [info] > git for-each-ref --format=%(refname)%00%(upstream:short)%00%(objectname)%00%(upstream:track)%00%(upstream:remotename)%00%(upstream:remoteref) refs/heads/main refs/remotes/main [3ms]
2026-06-12 04:38:22.165 [info] > git status -z -uall [21ms]
2026-06-12 04:38:22.168 [info] > git for-each-ref --sort -committerdate --format %(refname)%00%(objectname)%00%(*objectname) [6ms]
2026-06-12 04:38:22.936 [info] > git check-ignore -v -z --stdin [3ms]
2026-06-12 04:38:33.630 [info] > git config --get commit.template [12ms]
2026-06-12 04:38:33.633 [info] > git for-each-ref --format=%(refname)%00%(upstream:short)%00%(objectname)%00%(upstream:track)%00%(upstream:remotename)%00%(upstream:remoteref) refs/heads/main refs/remotes/main [3ms]
2026-06-12 04:38:33.660 [info] > git status -z -uall [17ms]
2026-06-12 04:38:33.663 [info] > git for-each-ref --sort -committerdate --format %(refname)%00%(objectname)%00%(*objectname) [6ms]
2026-06-12 04:38:34.448 [info] > git check-ignore -v -z --stdin [3ms]
2026-06-12 04:38:38.687 [info] > git config --get commit.template [3ms]
2026-06-12 04:38:38.700 [info] > git for-each-ref --format=%(refname)%00%(upstream:short)%00%(objectname)%00%(upstream:track)%00%(upstream:remotename)%00%(upstream:remoteref) refs/heads/main refs/remotes/main [4ms]
2026-06-12 04:38:38.730 [info] > git status -z -uall [18ms]
2026-06-12 04:38:38.734 [info] > git for-each-ref --sort -committerdate --format %(refname)%00%(objectname)%00%(*objectname) [7ms]
2026-06-12 04:38:51.216 [info] > git config --get commit.template [16ms]
2026-06-12 04:38:51.218 [info] > git for-each-ref --format=%(refname)%00%(upstream:short)%00%(objectname)%00%(upstream:track)%00%(upstream:remotename)%00%(upstream:remoteref) refs/heads/main refs/remotes/main [4ms]
2026-06-12 04:38:51.254 [info] > git status -z -uall [21ms]
2026-06-12 04:38:51.256 [info] > git for-each-ref --sort -committerdate --format %(refname)%00%(objectname)%00%(*objectname) [6ms]
2026-06-12 04:38:53.287 [info] > git check-ignore -v -z --stdin [21ms]
2026-06-12 04:38:53.464 [info] > git show --textconv :requirements.txt [56ms]
2026-06-12 04:38:53.473 [info] > git ls-files --stage -- requirements.txt [16ms]
2026-06-12 04:38:53.512 [info] > git cat-file -s e2513300dbda3dc0882cdbc90427076a31d222c3 [11ms]
2026-06-12 04:38:56.303 [info] > git config --get commit.template [16ms]
2026-06-12 04:38:56.304 [info] > git for-each-ref --format=%(refname)%00%(upstream:short)%00%(objectname)%00%(upstream:track)%00%(upstream:remotename)%00%(upstream:remoteref) refs/heads/main refs/remotes/main [4ms]
2026-06-12 04:38:56.337 [info] > git status -z -uall [20ms]
2026-06-12 04:38:56.340 [info] > git for-each-ref --sort -committerdate --format %(refname)%00%(objectname)%00%(*objectname) [6ms]
2026-06-12 04:38:57.134 [info] > git check-ignore -v -z --stdin [7ms]
2026-06-12 04:39:15.551 [info] > git config --get commit.template [7ms]
2026-06-12 04:39:15.572 [info] > git for-each-ref --format=%(refname)%00%(upstream:short)%00%(objectname)%00%(upstream:track)%00%(upstream:remotename)%00%(upstream:remoteref) refs/heads/main refs/remotes/main [5ms]
2026-06-12 04:39:15.610 [info] > git status -z -uall [19ms]
2026-06-12 04:39:15.617 [info] > git for-each-ref --sort -committerdate --format %(refname)%00%(objectname)%00%(*objectname) [9ms]
2026-06-12 04:39:16.509 [info] > git check-ignore -v -z --stdin [2ms]
2026-06-12 04:39:33.850 [info] > git config --get commit.template [14ms]
2026-06-12 04:39:33.852 [info] > git for-each-ref --format=%(refname)%00%(upstream:short)%00%(objectname)%00%(upstream:track)%00%(upstream:remotename)%00%(upstream:remoteref) refs/heads/main refs/remotes/main [2ms]
2026-06-12 04:39:33.879 [info] > git status -z -uall [17ms]
2026-06-12 04:39:33.885 [info] > git for-each-ref --sort -committerdate --format %(refname)%00%(objectname)%00%(*objectname) [8ms]
2026-06-12 04:39:34.672 [info] > git check-ignore -v -z --stdin [2ms]
