Code OSS for Cloud Shell (1.109.5-cde, 970-cs-974327166634-default.cs-asia-southeast1-kelp.cloudshell.dev, desktop)
Jupyter Extension Version: 2025.9.1.
Python Extension Version: 2026.4.0.
Python Environment Extension not installed.
Pylance Extension not installed.
Platform: linux (x64).
Home = /home/psv2482109
Temp Storage folder ~/.codeoss/data/User/globalStorage/ms-toolsai.jupyter/version-2025.9.1
No workspace folder opened.
09:45:39.812 [error] Failed activating the python extension:  Canceled (FileSystemError): Canceled
    at Function.e (file:///google/devshell/editor/code-oss-for-cloud-shell/out/vs/workbench/api/node/extensionHostProcess.js:116:18876)
    at Object.copy (file:///google/devshell/editor/code-oss-for-cloud-shell/out/vs/workbench/api/node/extensionHostProcess.js:116:17367)
    at processTicksAndRejections (node:internal/process/task_queues:105:5)
    at p (/google/devshell/editor/code-oss-for-cloud-shell/extensions/ms-python.python/out/client/extension.js:2:922863)
    at t.registerPythonStartup (/google/devshell/editor/code-oss-for-cloud-shell/extensions/ms-python.python/out/client/extension.js:2:923463)
    at /google/devshell/editor/code-oss-for-cloud-shell/extensions/ms-python.python/out/client/extension.js:2:481481
    at t.activateComponents (/google/devshell/editor/code-oss-for-cloud-shell/extensions/ms-python.python/out/client/extension.js:2:480242)
    at /google/devshell/editor/code-oss-for-cloud-shell/extensions/ms-python.python/out/client/extension.js:2:2731076
    at e (/google/devshell/editor/code-oss-for-cloud-shell/extensions/ms-python.python/out/client/extension.js:2:2730532)
    at mA.n (file:///google/devshell/editor/code-oss-for-cloud-shell/out/vs/workbench/api/node/extensionHostProcess.js:116:13398)
    at mA.m (file:///google/devshell/editor/code-oss-for-cloud-shell/out/vs/workbench/api/node/extensionHostProcess.js:116:13361)
    at mA.l (file:///google/devshell/editor/code-oss-for-cloud-shell/out/vs/workbench/api/node/extensionHostProcess.js:116:12817) {
  message: "Activating extension 'ms-python.python' failed: Canceled."
}
09:45:39.820 [error] Failed activating the python extension:  Canceled (FileSystemError): Canceled
    at Function.e (file:///google/devshell/editor/code-oss-for-cloud-shell/out/vs/workbench/api/node/extensionHostProcess.js:116:18876)
    at Object.copy (file:///google/devshell/editor/code-oss-for-cloud-shell/out/vs/workbench/api/node/extensionHostProcess.js:116:17367)
    at processTicksAndRejections (node:internal/process/task_queues:105:5)
    at p (/google/devshell/editor/code-oss-for-cloud-shell/extensions/ms-python.python/out/client/extension.js:2:922863)
    at t.registerPythonStartup (/google/devshell/editor/code-oss-for-cloud-shell/extensions/ms-python.python/out/client/extension.js:2:923463)
    at /google/devshell/editor/code-oss-for-cloud-shell/extensions/ms-python.python/out/client/extension.js:2:481481
    at t.activateComponents (/google/devshell/editor/code-oss-for-cloud-shell/extensions/ms-python.python/out/client/extension.js:2:480242)
    at /google/devshell/editor/code-oss-for-cloud-shell/extensions/ms-python.python/out/client/extension.js:2:2731076
    at e (/google/devshell/editor/code-oss-for-cloud-shell/extensions/ms-python.python/out/client/extension.js:2:2730532)
    at mA.n (file:///google/devshell/editor/code-oss-for-cloud-shell/out/vs/workbench/api/node/extensionHostProcess.js:116:13398)
    at mA.m (file:///google/devshell/editor/code-oss-for-cloud-shell/out/vs/workbench/api/node/extensionHostProcess.js:116:13361)
    at mA.l (file:///google/devshell/editor/code-oss-for-cloud-shell/out/vs/workbench/api/node/extensionHostProcess.js:116:12817) {
  message: "Activating extension 'ms-python.python' failed: Canceled."
}
09:45:39.820 [error] Failed activating the python extension:  Canceled (FileSystemError): Canceled
    at Function.e (file:///google/devshell/editor/code-oss-for-cloud-shell/out/vs/workbench/api/node/extensionHostProcess.js:116:18876)
    at Object.copy (file:///google/devshell/editor/code-oss-for-cloud-shell/out/vs/workbench/api/node/extensionHostProcess.js:116:17367)
    at processTicksAndRejections (node:internal/process/task_queues:105:5)
    at p (/google/devshell/editor/code-oss-for-cloud-shell/extensions/ms-python.python/out/client/extension.js:2:922863)
    at t.registerPythonStartup (/google/devshell/editor/code-oss-for-cloud-shell/extensions/ms-python.python/out/client/extension.js:2:923463)
    at /google/devshell/editor/code-oss-for-cloud-shell/extensions/ms-python.python/out/client/extension.js:2:481481
    at t.activateComponents (/google/devshell/editor/code-oss-for-cloud-shell/extensions/ms-python.python/out/client/extension.js:2:480242)
    at /google/devshell/editor/code-oss-for-cloud-shell/extensions/ms-python.python/out/client/extension.js:2:2731076
    at e (/google/devshell/editor/code-oss-for-cloud-shell/extensions/ms-python.python/out/client/extension.js:2:2730532)
    at mA.n (file:///google/devshell/editor/code-oss-for-cloud-shell/out/vs/workbench/api/node/extensionHostProcess.js:116:13398)
    at mA.m (file:///google/devshell/editor/code-oss-for-cloud-shell/out/vs/workbench/api/node/extensionHostProcess.js:116:13361)
    at mA.l (file:///google/devshell/editor/code-oss-for-cloud-shell/out/vs/workbench/api/node/extensionHostProcess.js:116:12817) {
  message: "Activating extension 'ms-python.python' failed: Canceled."
}
09:45:39.821 [error] Failed activating the python extension:  Canceled (FileSystemError): Canceled
    at Function.e (file:///google/devshell/editor/code-oss-for-cloud-shell/out/vs/workbench/api/node/extensionHostProcess.js:116:18876)
    at Object.copy (file:///google/devshell/editor/code-oss-for-cloud-shell/out/vs/workbench/api/node/extensionHostProcess.js:116:17367)
    at processTicksAndRejections (node:internal/process/task_queues:105:5)
    at p (/google/devshell/editor/code-oss-for-cloud-shell/extensions/ms-python.python/out/client/extension.js:2:922863)
    at t.registerPythonStartup (/google/devshell/editor/code-oss-for-cloud-shell/extensions/ms-python.python/out/client/extension.js:2:923463)
    at /google/devshell/editor/code-oss-for-cloud-shell/extensions/ms-python.python/out/client/extension.js:2:481481
    at t.activateComponents (/google/devshell/editor/code-oss-for-cloud-shell/extensions/ms-python.python/out/client/extension.js:2:480242)
    at /google/devshell/editor/code-oss-for-cloud-shell/extensions/ms-python.python/out/client/extension.js:2:2731076
    at e (/google/devshell/editor/code-oss-for-cloud-shell/extensions/ms-python.python/out/client/extension.js:2:2730532)
    at mA.n (file:///google/devshell/editor/code-oss-for-cloud-shell/out/vs/workbench/api/node/extensionHostProcess.js:116:13398)
    at mA.m (file:///google/devshell/editor/code-oss-for-cloud-shell/out/vs/workbench/api/node/extensionHostProcess.js:116:13361)
    at mA.l (file:///google/devshell/editor/code-oss-for-cloud-shell/out/vs/workbench/api/node/extensionHostProcess.js:116:12817) {
  message: "Activating extension 'ms-python.python' failed: Canceled."
}
09:45:39.821 [error] Failed activating the python extension:  Canceled (FileSystemError): Canceled
    at Function.e (file:///google/devshell/editor/code-oss-for-cloud-shell/out/vs/workbench/api/node/extensionHostProcess.js:116:18876)
    at Object.copy (file:///google/devshell/editor/code-oss-for-cloud-shell/out/vs/workbench/api/node/extensionHostProcess.js:116:17367)
    at processTicksAndRejections (node:internal/process/task_queues:105:5)
    at p (/google/devshell/editor/code-oss-for-cloud-shell/extensions/ms-python.python/out/client/extension.js:2:922863)
    at t.registerPythonStartup (/google/devshell/editor/code-oss-for-cloud-shell/extensions/ms-python.python/out/client/extension.js:2:923463)
    at /google/devshell/editor/code-oss-for-cloud-shell/extensions/ms-python.python/out/client/extension.js:2:481481
    at t.activateComponents (/google/devshell/editor/code-oss-for-cloud-shell/extensions/ms-python.python/out/client/extension.js:2:480242)
    at /google/devshell/editor/code-oss-for-cloud-shell/extensions/ms-python.python/out/client/extension.js:2:2731076
    at e (/google/devshell/editor/code-oss-for-cloud-shell/extensions/ms-python.python/out/client/extension.js:2:2730532)
    at mA.n (file:///google/devshell/editor/code-oss-for-cloud-shell/out/vs/workbench/api/node/extensionHostProcess.js:116:13398)
    at mA.m (file:///google/devshell/editor/code-oss-for-cloud-shell/out/vs/workbench/api/node/extensionHostProcess.js:116:13361)
    at mA.l (file:///google/devshell/editor/code-oss-for-cloud-shell/out/vs/workbench/api/node/extensionHostProcess.js:116:12817) {
  message: "Activating extension 'ms-python.python' failed: Canceled."
}
09:45:39.822 [error] Failed activating the python extension:  Canceled (FileSystemError): Canceled
    at Function.e (file:///google/devshell/editor/code-oss-for-cloud-shell/out/vs/workbench/api/node/extensionHostProcess.js:116:18876)
    at Object.copy (file:///google/devshell/editor/code-oss-for-cloud-shell/out/vs/workbench/api/node/extensionHostProcess.js:116:17367)
    at processTicksAndRejections (node:internal/process/task_queues:105:5)
    at p (/google/devshell/editor/code-oss-for-cloud-shell/extensions/ms-python.python/out/client/extension.js:2:922863)
    at t.registerPythonStartup (/google/devshell/editor/code-oss-for-cloud-shell/extensions/ms-python.python/out/client/extension.js:2:923463)
    at /google/devshell/editor/code-oss-for-cloud-shell/extensions/ms-python.python/out/client/extension.js:2:481481
    at t.activateComponents (/google/devshell/editor/code-oss-for-cloud-shell/extensions/ms-python.python/out/client/extension.js:2:480242)
    at /google/devshell/editor/code-oss-for-cloud-shell/extensions/ms-python.python/out/client/extension.js:2:2731076
    at e (/google/devshell/editor/code-oss-for-cloud-shell/extensions/ms-python.python/out/client/extension.js:2:2730532)
    at mA.n (file:///google/devshell/editor/code-oss-for-cloud-shell/out/vs/workbench/api/node/extensionHostProcess.js:116:13398)
    at mA.m (file:///google/devshell/editor/code-oss-for-cloud-shell/out/vs/workbench/api/node/extensionHostProcess.js:116:13361)
    at mA.l (file:///google/devshell/editor/code-oss-for-cloud-shell/out/vs/workbench/api/node/extensionHostProcess.js:116:12817) {
  message: "Activating extension 'ms-python.python' failed: Canceled."
}
