2026-06-10 09:04:08.141 [info] Reading sessions from keychain...
2026-06-10 09:04:08.141 [info] Getting sessions for all scopes...
2026-06-10 09:04:08.141 [info] Got 0 sessions for ...
2026-06-10 09:04:08.141 [info] Getting sessions for all scopes...
2026-06-10 09:04:08.141 [info] Got 0 sessions for ...
2026-06-10 09:04:08.141 [info] Getting sessions for all scopes...
2026-06-10 09:04:08.141 [info] Got 0 sessions for ...
2026-06-10 09:04:08.202 [info] Getting sessions for all scopes...
2026-06-10 09:04:08.202 [info] Got 0 sessions for ...
2026-06-10 09:20:26.719 [info] Getting sessions for read:user,repo,user:email,workflow...
2026-06-10 09:20:26.719 [info] Got 0 sessions for read:user,repo,user:email,workflow...
2026-06-10 09:20:30.051 [info] Logging in with 'any' account...
2026-06-10 09:20:30.051 [info] Logging in for the following scopes: read:user repo user:email workflow
2026-06-10 09:20:30.235 [info] Trying device code flow... (read:user repo user:email workflow)
2026-06-10 09:20:57.304 [info] Getting user info...
2026-06-10 09:20:57.701 [info] Got account info!
2026-06-10 09:20:57.702 [info] Storing 1 sessions...
2026-06-10 09:20:57.794 [info] Reading sessions from keychain...
2026-06-10 09:20:57.794 [info] Stored 1 sessions!
2026-06-10 09:20:57.794 [info] Login success!
2026-06-10 09:20:57.891 [info] Got stored sessions!
2026-06-10 09:20:57.891 [info] Got 1 verified sessions.
2026-06-10 09:20:58.189 [info] Getting sessions for all scopes...
2026-06-10 09:20:58.190 [info] Got 1 sessions for ...
2026-06-10 09:20:58.279 [info] Getting sessions for all scopes...
2026-06-10 09:20:58.279 [info] Got 1 sessions for ...
2026-06-10 09:21:02.685 [info] Getting sessions for read:user,repo,user:email,workflow...
2026-06-10 09:21:02.685 [info] Got 1 sessions for read:user,repo,user:email,workflow...
