Initializing document watcher...
Document watcher initialized
psv2482109/requirements.txt: {"tabSize":4,"indentSize":4,"insertSpaces":true,"cursorStyle":1,"lineNumbers":1}
psv2482109/requirements.txt: Using EditorConfig core...
requirements.txt: Target charset is not set
psv2482109/requirements.txt: {"tabSize":4,"indentSize":4,"insertSpaces":true,"cursorStyle":1,"lineNumbers":1}
psv2482109/app.py: {"tabSize":4,"indentSize":4,"insertSpaces":true,"cursorStyle":1,"lineNumbers":1}
psv2482109/app.py: Using EditorConfig core...
app.py: Target charset is not set
psv2482109/README-cloudshell.txt: {}
psv2482109/nano.gitignore: Using EditorConfig core...
psv2482109/README-cloudshell.txt: {"tabSize":4,"indentSize":4,"insertSpaces":true,"cursorStyle":1,"lineNumbers":1}
psv2482109/README-cloudshell.txt: Using EditorConfig core...
nano.gitignore: Target charset is not set
README-cloudshell.txt: Target charset is not set
psv2482109/requirements.txt: {"tabSize":4,"indentSize":4,"insertSpaces":true,"cursorStyle":1,"lineNumbers":1}
psv2482109/requirements.txt: Using EditorConfig core...
requirements.txt: Target charset is not set
psv2482109/README-cloudshell.txt: {"tabSize":4,"indentSize":4,"insertSpaces":true,"cursorStyle":1,"lineNumbers":1}
psv2482109/README-cloudshell.txt: Using EditorConfig core...
README-cloudshell.txt: Target charset is not set
psv2482109/requirements.txt: {"tabSize":4,"indentSize":4,"insertSpaces":true,"cursorStyle":1,"lineNumbers":1}
psv2482109/requirements.txt: Using EditorConfig core...
requirements.txt: Target charset is not set
psv2482109/requirements.txt: {"tabSize":4,"indentSize":4,"insertSpaces":true,"cursorStyle":1,"lineNumbers":1}
psv2482109/requirements.txt: {"tabSize":4,"indentSize":4,"insertSpaces":true,"cursorStyle":1,"lineNumbers":1}
psv2482109/requirements.txt: {"tabSize":4,"indentSize":4,"insertSpaces":true,"cursorStyle":1,"lineNumbers":1}
No more open editors.
No more open editors.
