Initializing document watcher...
Document watcher initialized
workflows/ci.yml: {"tabSize":2,"indentSize":2,"insertSpaces":true,"cursorStyle":1,"lineNumbers":1}
workflows/ci.yml: Using EditorConfig core...
ci.yml: Target charset is utf-8
workflows/AD1: {"tabSize":2,"indentSize":2,"insertSpaces":true,"cursorStyle":1,"lineNumbers":1}
workflows/AD1: Using EditorConfig core...
AD1: Target charset is utf-8
workflows/AD1: {"tabSize":2,"indentSize":2,"insertSpaces":true,"cursorStyle":1,"lineNumbers":1}
workflows/AD1: {"tabSize":2,"indentSize":2,"insertSpaces":true,"cursorStyle":1,"lineNumbers":1}
workflows/AD1: Using EditorConfig core...
AD1: editor.action.trimTrailingWhitespace
workflows/AD1: Using EditorConfig core...
AD1: Target charset is utf-8
workflows/AD1: Using EditorConfig core...
AD1: editor.action.trimTrailingWhitespace
AD1: editor.action.insertFinalNewLine
workflows/AD1: Using EditorConfig core...
AD1: Target charset is utf-8
workflows/AD1: Using EditorConfig core...
AD1: editor.action.trimTrailingWhitespace
workflows/AD1: Using EditorConfig core...
AD1: Target charset is utf-8
workflows/AD1: Using EditorConfig core...
AD1: editor.action.trimTrailingWhitespace
workflows/AD1: Using EditorConfig core...
AD1: Target charset is utf-8
workflows/AD1: Using EditorConfig core...
AD1: editor.action.trimTrailingWhitespace
workflows/AD1: Using EditorConfig core...
AD1: Target charset is utf-8
workflows/AD1: Using EditorConfig core...
AD1: editor.action.trimTrailingWhitespace
workflows/AD1: Using EditorConfig core...
AD1: Target charset is utf-8
workflows/AD1: {"tabSize":2,"indentSize":2,"insertSpaces":true,"cursorStyle":1,"lineNumbers":1}
workflows/AD1: Using EditorConfig core...
AD1: Target charset is utf-8
workflows/AD1.PY: {"tabSize":2,"indentSize":2,"insertSpaces":true,"cursorStyle":1,"lineNumbers":1}
workflows/AD1.PY: Using EditorConfig core...
AD1.PY: Target charset is utf-8
workflows/AD1.PY: Using EditorConfig core...
AD1.PY: editor.action.trimTrailingWhitespace
workflows/AD1.PY: Using EditorConfig core...
AD1.PY: Target charset is utf-8
workflows/AD1.PY: Using EditorConfig core...
AD1.PY: editor.action.trimTrailingWhitespace
workflows/AD1.PY: Using EditorConfig core...
AD1.PY: Target charset is utf-8
workflows/AD1.PY: {"tabSize":2,"indentSize":2,"insertSpaces":true,"cursorStyle":1,"lineNumbers":1}
