Initializing document watcher...
Document watcher initialized
add/add.py: {"tabSize":2,"indentSize":2,"insertSpaces":true,"cursorStyle":1,"lineNumbers":1}
add/add.py: Using EditorConfig core...
add.py: Target charset is utf-8
add/add.py: Using EditorConfig core...
add.py: editor.action.trimTrailingWhitespace
add/add.py: Using EditorConfig core...
add.py: Target charset is utf-8
add/add.py: {"tabSize":2,"indentSize":2,"insertSpaces":true,"cursorStyle":1,"lineNumbers":1}
add/app.py: Using EditorConfig core...
add/app.py: {"tabSize":2,"indentSize":2,"insertSpaces":true,"cursorStyle":1,"lineNumbers":1}
add/app.py: Using EditorConfig core...
app.py: editor.action.trimTrailingWhitespace
app.py: Target charset is utf-8
add/app.py: Using EditorConfig core...
app.py: Target charset is utf-8
add/requirements.txt: {"tabSize":2,"indentSize":2,"insertSpaces":true,"cursorStyle":1,"lineNumbers":1}
add/requirements.txt: Using EditorConfig core...
requirements.txt: Target charset is utf-8
add/requirements.txt: {"tabSize":2,"indentSize":2,"insertSpaces":true,"cursorStyle":1,"lineNumbers":1}
add/requirements.txt: Using EditorConfig core...
requirements.txt: editor.action.trimTrailingWhitespace
requirements.txt: editor.action.insertFinalNewLine
add/requirements.txt: Using EditorConfig core...
requirements.txt: Target charset is utf-8
add/app.py: {"tabSize":2,"indentSize":2,"insertSpaces":true,"cursorStyle":1,"lineNumbers":1}
add/app.py: Using EditorConfig core...
app.py: Target charset is utf-8
add/requirements.txt: {"tabSize":2,"indentSize":2,"insertSpaces":true,"cursorStyle":1,"lineNumbers":1}
add/requirements.txt: Using EditorConfig core...
requirements.txt: Target charset is utf-8
add/app.py: {"tabSize":2,"indentSize":2,"insertSpaces":true,"cursorStyle":1,"lineNumbers":1}
add/app.py: Using EditorConfig core...
app.py: Target charset is utf-8
add/app.py: {"tabSize":2,"indentSize":2,"insertSpaces":true,"cursorStyle":1,"lineNumbers":1}
add/app.py: {"tabSize":2,"indentSize":2,"insertSpaces":true,"cursorStyle":1,"lineNumbers":1}
add/app.py: {"tabSize":2,"indentSize":2,"insertSpaces":true,"cursorStyle":1,"lineNumbers":1}
add/app.py: {"tabSize":2,"indentSize":2,"insertSpaces":true,"cursorStyle":1,"lineNumbers":1}
