Initializing document watcher...
Document watcher initialized
psv2482109/add.py: {"tabSize":4,"indentSize":4,"insertSpaces":true,"cursorStyle":1,"lineNumbers":1}
psv2482109/add.py: Using EditorConfig core...
add.py: Target charset is not set
psv2482109/add.py: Using EditorConfig core...
psv2482109/add.py: Using EditorConfig core...
add.py: Target charset is not set
psv2482109/add.py: Using EditorConfig core...
psv2482109/add.py: Using EditorConfig core...
add.py: Target charset is not set
psv2482109/add.py: Using EditorConfig core...
psv2482109/add.py: Using EditorConfig core...
add.py: Target charset is not set
psv2482109/add.py: Using EditorConfig core...
psv2482109/add.py: Using EditorConfig core...
add.py: Target charset is not set
psv2482109/add.py: Using EditorConfig core...
psv2482109/add.py: Using EditorConfig core...
add.py: Target charset is not set
psv2482109/add.py: Using EditorConfig core...
psv2482109/add.py: Using EditorConfig core...
add.py: Target charset is not set
psv2482109/add.py: Using EditorConfig core...
psv2482109/add.py: Using EditorConfig core...
add.py: Target charset is not set
psv2482109/add.py: Using EditorConfig core...
psv2482109/add.py: Using EditorConfig core...
add.py: Target charset is not set
psv2482109/add.py: Using EditorConfig core...
psv2482109/add.py: Using EditorConfig core...
add.py: Target charset is not set
psv2482109/add.py: Using EditorConfig core...
psv2482109/add.py: Using EditorConfig core...
add.py: Target charset is not set
psv2482109/add.py: {"tabSize":4,"indentSize":4,"insertSpaces":true,"cursorStyle":1,"lineNumbers":1}
psv2482109/add.py: {"tabSize":4,"indentSize":4,"insertSpaces":true,"cursorStyle":1,"lineNumbers":1}
psv2482109/add.py: {"tabSize":4,"indentSize":4,"insertSpaces":true,"cursorStyle":1,"lineNumbers":1}
psv2482109/add.py: {"tabSize":4,"indentSize":4,"insertSpaces":true,"cursorStyle":1,"lineNumbers":1}
psv2482109/add.py: {"tabSize":4,"indentSize":4,"insertSpaces":true,"cursorStyle":1,"lineNumbers":1}
psv2482109/add.py: {"tabSize":4,"indentSize":4,"insertSpaces":true,"cursorStyle":1,"lineNumbers":1}
psv2482109/add.py: {"tabSize":4,"indentSize":4,"insertSpaces":true,"cursorStyle":1,"lineNumbers":1}
psv2482109/add.py: {"tabSize":4,"indentSize":4,"insertSpaces":true,"cursorStyle":1,"lineNumbers":1}
psv2482109/add.py: {"tabSize":4,"indentSize":4,"insertSpaces":true,"cursorStyle":1,"lineNumbers":1}
psv2482109/add.py: {"tabSize":4,"indentSize":4,"insertSpaces":true,"cursorStyle":1,"lineNumbers":1}
psv2482109/add.py: {"tabSize":4,"indentSize":4,"insertSpaces":true,"cursorStyle":1,"lineNumbers":1}
psv2482109/add.py: {"tabSize":4,"indentSize":4,"insertSpaces":true,"cursorStyle":1,"lineNumbers":1}
psv2482109/add.py: {"tabSize":4,"indentSize":4,"insertSpaces":true,"cursorStyle":1,"lineNumbers":1}
psv2482109/add.py: {"tabSize":4,"indentSize":4,"insertSpaces":true,"cursorStyle":1,"lineNumbers":1}
psv2482109/add.py: {"tabSize":4,"indentSize":4,"insertSpaces":true,"cursorStyle":1,"lineNumbers":1}
psv2482109/add.py: {"tabSize":4,"indentSize":4,"insertSpaces":true,"cursorStyle":1,"lineNumbers":1}
psv2482109/add.py: {"tabSize":4,"indentSize":4,"insertSpaces":true,"cursorStyle":1,"lineNumbers":1}
psv2482109/add.py: {"tabSize":4,"indentSize":4,"insertSpaces":true,"cursorStyle":1,"lineNumbers":1}
psv2482109/add.py: {"tabSize":4,"indentSize":4,"insertSpaces":true,"cursorStyle":1,"lineNumbers":1}
psv2482109/add.py: {"tabSize":4,"indentSize":4,"insertSpaces":true,"cursorStyle":1,"lineNumbers":1}
psv2482109/add.py: {"tabSize":4,"indentSize":4,"insertSpaces":true,"cursorStyle":1,"lineNumbers":1}
