Initializing document watcher...
Document watcher initialized
add/app.py: {"tabSize":2,"indentSize":2,"insertSpaces":true,"cursorStyle":1,"lineNumbers":1}
add/app.py: Using EditorConfig core...
app.py: Target charset is utf-8
add/app.py: {"tabSize":2,"indentSize":2,"insertSpaces":true,"cursorStyle":1,"lineNumbers":1}
add/app.py: {"tabSize":2,"indentSize":2,"insertSpaces":true,"cursorStyle":1,"lineNumbers":1}
add/app.py: {"tabSize":2,"indentSize":2,"insertSpaces":true,"cursorStyle":1,"lineNumbers":1}
No more open editors.
add/requirements.txt: {"tabSize":2,"indentSize":2,"insertSpaces":true,"cursorStyle":1,"lineNumbers":1}
add/requirements.txt: Using EditorConfig core...
requirements.txt: Target charset is utf-8
add/app.py: {"tabSize":2,"indentSize":2,"insertSpaces":true,"cursorStyle":1,"lineNumbers":1}
add/app.py: Using EditorConfig core...
app.py: Target charset is utf-8
add/requirements.txt: {"tabSize":2,"indentSize":2,"insertSpaces":true,"cursorStyle":1,"lineNumbers":1}
add/requirements.txt: Using EditorConfig core...
requirements.txt: Target charset is utf-8
add/app.py: {"tabSize":2,"indentSize":2,"insertSpaces":true,"cursorStyle":1,"lineNumbers":1}
add/app.py: Using EditorConfig core...
app.py: Target charset is utf-8
add/.venv/pyvenv.cfg: {"tabSize":2,"indentSize":2,"insertSpaces":true,"cursorStyle":1,"lineNumbers":1}
add/.venv/pyvenv.cfg: Using EditorConfig core...
.venv/pyvenv.cfg: Target charset is utf-8
add/app.py: {"tabSize":2,"indentSize":2,"insertSpaces":true,"cursorStyle":1,"lineNumbers":1}
add/app.py: Using EditorConfig core...
app.py: Target charset is utf-8
add/app.py: {"tabSize":2,"indentSize":2,"insertSpaces":true,"cursorStyle":1,"lineNumbers":1}
add/app.py: {"tabSize":2,"indentSize":2,"insertSpaces":true,"cursorStyle":1,"lineNumbers":1}
