2026-07-04 09:45:40.085 [info] [main] Log level: Info
2026-07-04 09:45:40.086 [info] [main] Validating found git in: "git"
2026-07-04 09:45:40.086 [info] [main] Using git "2.43.0" from "git"
2026-07-04 09:45:40.086 [info] [Model][doInitialScan] Initial repository scan started
2026-07-04 09:45:40.086 [info] > git rev-parse --show-toplevel [4ms]
2026-07-04 09:45:40.086 [info] > git rev-parse --git-dir --git-common-dir --show-superproject-working-tree [6ms]
2026-07-04 09:45:40.212 [info] [Model][openRepository] Opened repository (path): /home/psv2482109
2026-07-04 09:45:40.212 [info] [Model][openRepository] Opened repository (real path): /home/psv2482109
2026-07-04 09:45:40.212 [info] [Model][openRepository] Opened repository (kind): repository
2026-07-04 09:45:40.226 [info] > git config --get commit.template [6ms]
2026-07-04 09:45:40.227 [info] > git rev-parse --show-toplevel [4ms]
2026-07-04 09:45:40.237 [info] > git for-each-ref --format=%(refname)%00%(upstream:short)%00%(objectname)%00%(upstream:track)%00%(upstream:remotename)%00%(upstream:remoteref) refs/heads/main refs/remotes/main [7ms]
2026-07-04 09:45:40.239 [info] > git rev-parse --show-toplevel [3ms]
2026-07-04 09:45:40.257 [info] > git rev-parse --show-toplevel [14ms]
2026-07-04 09:45:40.263 [info] > git for-each-ref --sort -committerdate --format %(refname)%00%(objectname)%00%(*objectname) [8ms]
2026-07-04 09:45:40.267 [info] > git rev-parse --show-toplevel [4ms]
2026-07-04 09:45:40.273 [info] > git rev-parse --show-toplevel [2ms]
2026-07-04 09:45:40.281 [info] > git rev-parse --show-toplevel [3ms]
2026-07-04 09:45:40.288 [info] > git rev-parse --show-toplevel [2ms]
2026-07-04 09:45:40.294 [info] > git status -z -uall [46ms]
2026-07-04 09:45:40.380 [info] > git for-each-ref --format=%(refname)%00%(upstream:short)%00%(objectname)%00%(upstream:track)%00%(upstream:remotename)%00%(upstream:remoteref) refs/heads/main refs/remotes/main [56ms]
2026-07-04 09:45:40.386 [info] > git rev-parse --show-toplevel [94ms]
2026-07-04 09:45:40.393 [info] > git config --get --local branch.main.vscode-merge-base [6ms]
2026-07-04 09:45:40.393 [warning] [Git][config] git config failed: Failed to execute git
2026-07-04 09:45:40.397 [info] > git config --get commit.template [18ms]
2026-07-04 09:45:40.399 [info] > git rev-parse --show-toplevel [8ms]
2026-07-04 09:45:40.399 [info] [Model][doInitialScan] Initial repository scan completed - repositories (1), closed repositories (0), parent repositories (0), unsafe repositories (0)
2026-07-04 09:45:40.404 [info] > git reflog main --grep-reflog=branch: Created from *. [7ms]
2026-07-04 09:45:40.408 [info] > git for-each-ref --format=%(refname)%00%(upstream:short)%00%(objectname)%00%(upstream:track)%00%(upstream:remotename)%00%(upstream:remoteref) refs/heads/main refs/remotes/main [5ms]
2026-07-04 09:45:40.419 [info] > git symbolic-ref --short refs/remotes/origin/HEAD [11ms]
2026-07-04 09:45:40.419 [info] fatal: ref refs/remotes/origin/HEAD is not a symbolic ref
2026-07-04 09:45:40.419 [warning] [Repository][getDefaultBranch] Failed to get default branch details: Failed to execute git.
2026-07-04 09:45:40.427 [info] > git for-each-ref --sort -committerdate --format %(refname)%00%(objectname)%00%(*objectname) [10ms]
2026-07-04 09:45:40.433 [info] > git merge-base refs/heads/main refs/remotes/origin/main [8ms]
2026-07-04 09:45:40.447 [info] > git diff --raw --numstat --diff-filter=ADMR -z --find-renames=50% 511d564c415f7f8b7e140056f19a2887dc74f276...refs/remotes/origin/main -- [6ms]
2026-07-04 09:45:40.460 [info] > git status -z -uall [48ms]
2026-07-04 09:45:40.939 [info] > git check-ignore -v -z --stdin [2ms]
2026-07-04 09:45:43.131 [info] > git config --get commit.template [5ms]
2026-07-04 09:45:43.140 [info] > git for-each-ref --format=%(refname)%00%(upstream:short)%00%(objectname)%00%(upstream:track)%00%(upstream:remotename)%00%(upstream:remoteref) refs/heads/main refs/remotes/main [3ms]
2026-07-04 09:45:43.154 [info] > git for-each-ref --sort -committerdate --format %(refname)%00%(objectname)%00%(*objectname) [5ms]
2026-07-04 09:45:43.184 [info] > git status -z -uall [38ms]
2026-07-04 09:45:50.418 [info] > git config --get commit.template [143ms]
2026-07-04 09:45:50.493 [info] > git for-each-ref --format=%(refname)%00%(upstream:short)%00%(objectname)%00%(upstream:track)%00%(upstream:remotename)%00%(upstream:remoteref) refs/heads/main refs/remotes/main [56ms]
2026-07-04 09:45:50.622 [info] > git status -z -uall [106ms]
2026-07-04 09:45:50.623 [info] > git for-each-ref --sort -committerdate --format %(refname)%00%(objectname)%00%(*objectname) [94ms]
2026-07-04 09:45:55.694 [info] > git config --get commit.template [10ms]
2026-07-04 09:45:55.745 [info] > git for-each-ref --format=%(refname)%00%(upstream:short)%00%(objectname)%00%(upstream:track)%00%(upstream:remotename)%00%(upstream:remoteref) refs/heads/main refs/remotes/main [3ms]
2026-07-04 09:45:55.806 [info] > git for-each-ref --sort -committerdate --format %(refname)%00%(objectname)%00%(*objectname) [10ms]
2026-07-04 09:45:55.876 [info] > git status -z -uall [106ms]
2026-07-04 09:45:55.922 [info] > git check-ignore -v -z --stdin [7ms]
2026-07-04 09:45:56.202 [info] > git ls-files --stage -- app.py [7ms]
2026-07-04 09:45:56.227 [info] > git show --textconv :app.py [53ms]
2026-07-04 09:45:56.233 [info] > git cat-file -s 704d8d5f1adf7c7ee03b14f22178b3b4efa28bed [8ms]
2026-07-04 09:45:56.569 [info] > git check-ignore -v -z --stdin [5ms]
2026-07-04 09:46:00.909 [info] > git config --get commit.template [3ms]
2026-07-04 09:46:00.928 [info] > git for-each-ref --format=%(refname)%00%(upstream:short)%00%(objectname)%00%(upstream:track)%00%(upstream:remotename)%00%(upstream:remoteref) refs/heads/main refs/remotes/main [3ms]
2026-07-04 09:46:00.973 [info] > git for-each-ref --sort -committerdate --format %(refname)%00%(objectname)%00%(*objectname) [5ms]
2026-07-04 09:46:01.001 [info] > git status -z -uall [54ms]
2026-07-04 09:46:01.786 [info] > git check-ignore -v -z --stdin [5ms]
2026-07-04 09:46:01.913 [info] > git show --textconv :nano.gitignore [18ms]
2026-07-04 09:46:01.916 [info] > git ls-files --stage -- nano.gitignore [4ms]
2026-07-04 09:46:01.930 [info] > git cat-file -s 7852e252f71202b4cadab8484f8c645dd0124fd3 [2ms]
2026-07-04 09:46:02.890 [info] > git check-ignore -v -z --stdin [12ms]
2026-07-04 09:46:03.037 [info] > git show --textconv :README-cloudshell.txt [30ms]
2026-07-04 09:46:03.038 [info] > git ls-files --stage -- README-cloudshell.txt [9ms]
2026-07-04 09:46:03.071 [info] > git cat-file -s 9fa5a74e750d98eb725eca4ca09ba01af2f5cd24 [6ms]
2026-07-04 09:46:04.049 [info] > git check-ignore -v -z --stdin [9ms]
2026-07-04 09:46:04.167 [info] > git show --textconv :requirements.txt [17ms]
2026-07-04 09:46:04.171 [info] > git ls-files --stage -- requirements.txt [5ms]
2026-07-04 09:46:04.191 [info] > git cat-file -s e2513300dbda3dc0882cdbc90427076a31d222c3 [3ms]
2026-07-04 09:46:06.045 [info] > git config --get commit.template [17ms]
2026-07-04 09:46:06.045 [info] > git for-each-ref --format=%(refname)%00%(upstream:short)%00%(objectname)%00%(upstream:track)%00%(upstream:remotename)%00%(upstream:remoteref) refs/heads/main refs/remotes/main [2ms]
2026-07-04 09:46:06.072 [info] > git for-each-ref --sort -committerdate --format %(refname)%00%(objectname)%00%(*objectname) [2ms]
2026-07-04 09:46:06.096 [info] > git status -z -uall [37ms]
2026-07-04 09:46:06.728 [info] > git check-ignore -v -z --stdin [2ms]
2026-07-04 09:46:13.364 [info] > git config --get commit.template [16ms]
2026-07-04 09:46:13.365 [info] > git for-each-ref --format=%(refname)%00%(upstream:short)%00%(objectname)%00%(upstream:track)%00%(upstream:remotename)%00%(upstream:remoteref) refs/heads/main refs/remotes/main [2ms]
2026-07-04 09:46:13.398 [info] > git for-each-ref --sort -committerdate --format %(refname)%00%(objectname)%00%(*objectname) [3ms]
2026-07-04 09:46:13.425 [info] > git status -z -uall [44ms]
2026-07-04 09:46:14.198 [info] > git check-ignore -v -z --stdin [3ms]
2026-07-04 09:46:18.461 [info] > git config --get commit.template [12ms]
2026-07-04 09:46:18.462 [info] > git for-each-ref --format=%(refname)%00%(upstream:short)%00%(objectname)%00%(upstream:track)%00%(upstream:remotename)%00%(upstream:remoteref) refs/heads/main refs/remotes/main [2ms]
2026-07-04 09:46:18.487 [info] > git for-each-ref --sort -committerdate --format %(refname)%00%(objectname)%00%(*objectname) [3ms]
2026-07-04 09:46:18.515 [info] > git status -z -uall [42ms]
