2026-07-04 10:15:19.262 [info] [main] Log level: Info
2026-07-04 10:15:19.262 [info] [main] Validating found git in: "git"
2026-07-04 10:15:19.262 [info] [main] Using git "2.43.0" from "git"
2026-07-04 10:15:19.262 [info] [Model][doInitialScan] Initial repository scan started
2026-07-04 10:15:19.262 [info] > git rev-parse --show-toplevel [4ms]
2026-07-04 10:15:19.262 [info] > git rev-parse --git-dir --git-common-dir --show-superproject-working-tree [5ms]
2026-07-04 10:15:19.336 [info] [Model][openRepository] Opened repository (path): /home/psv2482109
2026-07-04 10:15:19.336 [info] [Model][openRepository] Opened repository (real path): /home/psv2482109
2026-07-04 10:15:19.336 [info] [Model][openRepository] Opened repository (kind): repository
2026-07-04 10:15:19.353 [info] > git config --get commit.template [8ms]
2026-07-04 10:15:19.354 [info] > git rev-parse --show-toplevel [3ms]
2026-07-04 10:15:19.368 [info] > git for-each-ref --format=%(refname)%00%(upstream:short)%00%(objectname)%00%(upstream:track)%00%(upstream:remotename)%00%(upstream:remoteref) refs/heads/main refs/remotes/main [7ms]
2026-07-04 10:15:19.369 [info] > git rev-parse --show-toplevel [2ms]
2026-07-04 10:15:19.400 [info] > git rev-parse --show-toplevel [23ms]
2026-07-04 10:15:19.412 [info] > git for-each-ref --sort -committerdate --format %(refname)%00%(objectname)%00%(*objectname) [11ms]
2026-07-04 10:15:19.415 [info] > git rev-parse --show-toplevel [5ms]
2026-07-04 10:15:19.689 [info] > git status -z -uall [300ms]
2026-07-04 10:15:19.690 [info] > git rev-parse --show-toplevel [23ms]
2026-07-04 10:15:19.747 [info] > git for-each-ref --format=%(refname)%00%(upstream:short)%00%(objectname)%00%(upstream:track)%00%(upstream:remotename)%00%(upstream:remoteref) refs/heads/main refs/remotes/main [20ms]
2026-07-04 10:15:19.755 [info] > git config --get commit.template [13ms]
2026-07-04 10:15:19.756 [info] > git rev-parse --show-toplevel [18ms]
2026-07-04 10:15:19.759 [info] > git config --get --local branch.main.vscode-merge-base [7ms]
2026-07-04 10:15:19.759 [warning] [Git][config] git config failed: Failed to execute git
2026-07-04 10:15:19.792 [info] > git for-each-ref --format=%(refname)%00%(upstream:short)%00%(objectname)%00%(upstream:track)%00%(upstream:remotename)%00%(upstream:remoteref) refs/heads/main refs/remotes/main [12ms]
2026-07-04 10:15:19.792 [info] > git rev-parse --show-toplevel [18ms]
2026-07-04 10:15:19.793 [info] > git reflog main --grep-reflog=branch: Created from *. [25ms]
2026-07-04 10:15:19.822 [info] > git symbolic-ref --short refs/remotes/origin/HEAD [25ms]
2026-07-04 10:15:19.822 [info] fatal: ref refs/remotes/origin/HEAD is not a symbolic ref
2026-07-04 10:15:19.822 [warning] [Repository][getDefaultBranch] Failed to get default branch details: Failed to execute git.
2026-07-04 10:15:19.829 [info] > git rev-parse --show-toplevel [8ms]
2026-07-04 10:15:19.830 [info] > git merge-base refs/heads/main refs/remotes/origin/main [3ms]
2026-07-04 10:15:19.850 [info] > git rev-parse --show-toplevel [11ms]
2026-07-04 10:15:19.852 [info] [Model][doInitialScan] Initial repository scan completed - repositories (1), closed repositories (0), parent repositories (0), unsafe repositories (0)
2026-07-04 10:15:19.853 [info] > git diff --raw --numstat --diff-filter=ADMR -z --find-renames=50% 20572410c21fee95ce22a9e2815330fec206a3da...refs/remotes/origin/main -- [19ms]
2026-07-04 10:15:20.017 [info] > git status -z -uall [174ms]
2026-07-04 10:15:20.017 [info] > git for-each-ref --sort -committerdate --format %(refname)%00%(objectname)%00%(*objectname) [168ms]
2026-07-04 10:15:20.061 [info] > git check-ignore -v -z --stdin [32ms]
2026-07-04 10:15:20.232 [info] > git check-ignore -v -z --stdin [4ms]
2026-07-04 10:15:22.486 [info] > git config --get commit.template [34ms]
2026-07-04 10:15:22.523 [info] > git for-each-ref --format=%(refname)%00%(upstream:short)%00%(objectname)%00%(upstream:track)%00%(upstream:remotename)%00%(upstream:remoteref) refs/heads/main refs/remotes/main [16ms]
2026-07-04 10:15:22.556 [info] > git for-each-ref --sort -committerdate --format %(refname)%00%(objectname)%00%(*objectname) [6ms]
2026-07-04 10:15:22.582 [info] > git status -z -uall [40ms]
2026-07-04 10:15:28.801 [info] > git config --get commit.template [230ms]
2026-07-04 10:15:28.833 [info] > git for-each-ref --format=%(refname)%00%(upstream:short)%00%(objectname)%00%(upstream:track)%00%(upstream:remotename)%00%(upstream:remoteref) refs/heads/main refs/remotes/main [10ms]
2026-07-04 10:15:28.884 [info] > git for-each-ref --sort -committerdate --format %(refname)%00%(objectname)%00%(*objectname) [10ms]
2026-07-04 10:15:28.998 [info] > git status -z -uall [140ms]
