2026-07-04 10:16:04.818 [info] [main] Log level: Info
2026-07-04 10:16:04.819 [info] [main] Validating found git in: "git"
2026-07-04 10:16:04.819 [info] [main] Using git "2.43.0" from "git"
2026-07-04 10:16:04.819 [info] [Model][doInitialScan] Initial repository scan started
2026-07-04 10:16:04.819 [info] > git rev-parse --show-toplevel [6ms]
2026-07-04 10:16:04.819 [info] > git rev-parse --git-dir --git-common-dir --show-superproject-working-tree [4ms]
2026-07-04 10:16:05.062 [info] [Model][openRepository] Opened repository (path): /home/psv2482109
2026-07-04 10:16:05.062 [info] [Model][openRepository] Opened repository (real path): /home/psv2482109
2026-07-04 10:16:05.062 [info] [Model][openRepository] Opened repository (kind): repository
2026-07-04 10:16:05.092 [info] > git config --get commit.template [7ms]
2026-07-04 10:16:05.231 [info] > git rev-parse --show-toplevel [142ms]
2026-07-04 10:16:05.285 [info] > git rev-parse --show-toplevel [43ms]
2026-07-04 10:16:05.286 [info] > git for-each-ref --format=%(refname)%00%(upstream:short)%00%(objectname)%00%(upstream:track)%00%(upstream:remotename)%00%(upstream:remoteref) refs/heads/main refs/remotes/main [50ms]
2026-07-04 10:16:05.317 [info] > git rev-parse --show-toplevel [14ms]
2026-07-04 10:16:05.422 [info] > git status -z -uall [88ms]
2026-07-04 10:16:05.422 [info] > git rev-parse --show-toplevel [73ms]
2026-07-04 10:16:05.423 [info] > git for-each-ref --sort -committerdate --format %(refname)%00%(objectname)%00%(*objectname) [80ms]
2026-07-04 10:16:05.483 [info] > git for-each-ref --format=%(refname)%00%(upstream:short)%00%(objectname)%00%(upstream:track)%00%(upstream:remotename)%00%(upstream:remoteref) refs/heads/main refs/remotes/main [15ms]
2026-07-04 10:16:05.492 [info] > git config --get commit.template [10ms]
2026-07-04 10:16:05.492 [info] > git rev-parse --show-toplevel [16ms]
2026-07-04 10:16:05.493 [info] > git config --get --local branch.main.vscode-merge-base [4ms]
2026-07-04 10:16:05.494 [warning] [Git][config] git config failed: Failed to execute git
2026-07-04 10:16:05.513 [info] > git for-each-ref --format=%(refname)%00%(upstream:short)%00%(objectname)%00%(upstream:track)%00%(upstream:remotename)%00%(upstream:remoteref) refs/heads/main refs/remotes/main [4ms]
2026-07-04 10:16:05.514 [info] > git rev-parse --show-toplevel [9ms]
2026-07-04 10:16:05.514 [info] > git reflog main --grep-reflog=branch: Created from *. [16ms]
2026-07-04 10:16:05.525 [info] > git symbolic-ref --short refs/remotes/origin/HEAD [7ms]
2026-07-04 10:16:05.525 [info] fatal: ref refs/remotes/origin/HEAD is not a symbolic ref
2026-07-04 10:16:05.526 [warning] [Repository][getDefaultBranch] Failed to get default branch details: Failed to execute git.
2026-07-04 10:16:05.532 [info] > git rev-parse --show-toplevel [9ms]
2026-07-04 10:16:05.603 [info] > git merge-base refs/heads/main refs/remotes/origin/main [73ms]
2026-07-04 10:16:05.608 [info] > git status -z -uall [72ms]
2026-07-04 10:16:05.621 [info] > git for-each-ref --sort -committerdate --format %(refname)%00%(objectname)%00%(*objectname) [77ms]
2026-07-04 10:16:05.626 [info] > git diff --raw --numstat --diff-filter=ADMR -z --find-renames=50% 20572410c21fee95ce22a9e2815330fec206a3da...refs/remotes/origin/main -- [18ms]
2026-07-04 10:16:05.626 [info] > git rev-parse --show-toplevel [43ms]
2026-07-04 10:16:05.648 [info] > git rev-parse --show-toplevel [8ms]
2026-07-04 10:16:05.648 [info] [Model][doInitialScan] Initial repository scan completed - repositories (1), closed repositories (0), parent repositories (0), unsafe repositories (0)
2026-07-04 10:16:05.764 [info] > git check-ignore -v -z --stdin [3ms]
2026-07-04 10:16:56.627 [info] > git check-ignore -v -z --stdin [3ms]
2026-07-04 10:16:56.756 [info] > git show --textconv :add.py [14ms]
2026-07-04 10:16:56.758 [info] > git ls-files --stage -- add.py [3ms]
2026-07-04 10:16:56.771 [info] > git cat-file -s db6c7812564e033eb302023322204dc37fa64f63 [2ms]
2026-07-04 10:16:56.990 [info] > git blame --root --incremental 20572410c21fee95ce22a9e2815330fec206a3da -- add.py [8ms]
2026-07-04 10:18:10.542 [info] > git config --get commit.template [2ms]
2026-07-04 10:18:10.553 [info] > git for-each-ref --format=%(refname)%00%(upstream:short)%00%(objectname)%00%(upstream:track)%00%(upstream:remotename)%00%(upstream:remoteref) refs/heads/main refs/remotes/main [3ms]
2026-07-04 10:18:10.574 [info] > git for-each-ref --sort -committerdate --format %(refname)%00%(objectname)%00%(*objectname) [2ms]
2026-07-04 10:18:10.601 [info] > git status -z -uall [38ms]
2026-07-04 10:18:11.275 [info] > git check-ignore -v -z --stdin [2ms]
2026-07-04 10:18:15.638 [info] > git config --get commit.template [12ms]
2026-07-04 10:18:15.639 [info] > git for-each-ref --format=%(refname)%00%(upstream:short)%00%(objectname)%00%(upstream:track)%00%(upstream:remotename)%00%(upstream:remoteref) refs/heads/main refs/remotes/main [2ms]
2026-07-04 10:18:15.662 [info] > git for-each-ref --sort -committerdate --format %(refname)%00%(objectname)%00%(*objectname) [3ms]
2026-07-04 10:18:15.694 [info] > git status -z -uall [45ms]
2026-07-04 10:18:16.386 [info] > git check-ignore -v -z --stdin [4ms]
2026-07-04 10:18:20.725 [info] > git config --get commit.template [11ms]
2026-07-04 10:18:20.727 [info] > git for-each-ref --format=%(refname)%00%(upstream:short)%00%(objectname)%00%(upstream:track)%00%(upstream:remotename)%00%(upstream:remoteref) refs/heads/main refs/remotes/main [3ms]
2026-07-04 10:18:20.750 [info] > git for-each-ref --sort -committerdate --format %(refname)%00%(objectname)%00%(*objectname) [2ms]
2026-07-04 10:18:20.782 [info] > git status -z -uall [44ms]
2026-07-04 10:18:21.456 [info] > git check-ignore -v -z --stdin [2ms]
2026-07-04 10:18:23.894 [info] > git check-ignore -v -z --stdin [10ms]
2026-07-04 10:18:23.895 [info] > git check-ignore -v -z --stdin [2ms]
2026-07-04 10:18:24.008 [info] > git show --textconv :linear.py [10ms]
2026-07-04 10:18:24.017 [info] > git ls-files --stage -- linear.py [10ms]
2026-07-04 10:18:24.028 [info] > git hash-object -t tree /dev/null [12ms]
2026-07-04 10:18:24.029 [warning] [GitFileSystemProvider][readFile] File not found - git:/home/psv2482109/linear.py.git?%7B%22path%22%3A%22%2Fhome%2Fpsv2482109%2Flinear.py%22%2C%22ref%22%3A%22%22%7D
2026-07-04 10:18:24.040 [info] > git hash-object -t tree /dev/null [15ms]
2026-07-04 10:18:24.040 [warning] [GitFileSystemProvider][stat] File not found - git:/home/psv2482109/linear.py.git?%7B%22path%22%3A%22%2Fhome%2Fpsv2482109%2Flinear.py%22%2C%22ref%22%3A%22%22%7D
2026-07-04 10:18:25.813 [info] > git config --get commit.template [11ms]
2026-07-04 10:18:25.815 [info] > git for-each-ref --format=%(refname)%00%(upstream:short)%00%(objectname)%00%(upstream:track)%00%(upstream:remotename)%00%(upstream:remoteref) refs/heads/main refs/remotes/main [3ms]
2026-07-04 10:18:25.838 [info] > git for-each-ref --sort -committerdate --format %(refname)%00%(objectname)%00%(*objectname) [2ms]
2026-07-04 10:18:25.868 [info] > git status -z -uall [43ms]
2026-07-04 10:18:32.125 [info] > git config --get commit.template [9ms]
2026-07-04 10:18:32.129 [info] > git for-each-ref --format=%(refname)%00%(upstream:short)%00%(objectname)%00%(upstream:track)%00%(upstream:remotename)%00%(upstream:remoteref) refs/heads/main refs/remotes/main [6ms]
2026-07-04 10:18:32.149 [info] > git for-each-ref --sort -committerdate --format %(refname)%00%(objectname)%00%(*objectname) [3ms]
2026-07-04 10:18:32.179 [info] > git status -z -uall [41ms]
2026-07-04 10:18:37.209 [info] > git config --get commit.template [11ms]
2026-07-04 10:18:37.210 [info] > git for-each-ref --format=%(refname)%00%(upstream:short)%00%(objectname)%00%(upstream:track)%00%(upstream:remotename)%00%(upstream:remoteref) refs/heads/main refs/remotes/main [2ms]
2026-07-04 10:18:37.232 [info] > git for-each-ref --sort -committerdate --format %(refname)%00%(objectname)%00%(*objectname) [2ms]
2026-07-04 10:18:37.263 [info] > git status -z -uall [44ms]
2026-07-04 10:18:42.287 [info] > git config --get commit.template [10ms]
2026-07-04 10:18:42.288 [info] > git for-each-ref --format=%(refname)%00%(upstream:short)%00%(objectname)%00%(upstream:track)%00%(upstream:remotename)%00%(upstream:remoteref) refs/heads/main refs/remotes/main [2ms]
2026-07-04 10:18:42.309 [info] > git for-each-ref --sort -committerdate --format %(refname)%00%(objectname)%00%(*objectname) [2ms]
2026-07-04 10:18:42.342 [info] > git status -z -uall [45ms]
2026-07-04 10:18:47.372 [info] > git config --get commit.template [12ms]
2026-07-04 10:18:47.373 [info] > git for-each-ref --format=%(refname)%00%(upstream:short)%00%(objectname)%00%(upstream:track)%00%(upstream:remotename)%00%(upstream:remoteref) refs/heads/main refs/remotes/main [2ms]
2026-07-04 10:18:47.399 [info] > git for-each-ref --sort -committerdate --format %(refname)%00%(objectname)%00%(*objectname) [4ms]
2026-07-04 10:18:47.432 [info] > git status -z -uall [48ms]
2026-07-04 10:18:52.464 [info] > git config --get commit.template [10ms]
2026-07-04 10:18:52.465 [info] > git for-each-ref --format=%(refname)%00%(upstream:short)%00%(objectname)%00%(upstream:track)%00%(upstream:remotename)%00%(upstream:remoteref) refs/heads/main refs/remotes/main [2ms]
2026-07-04 10:18:52.483 [info] > git for-each-ref --sort -committerdate --format %(refname)%00%(objectname)%00%(*objectname) [2ms]
2026-07-04 10:18:52.514 [info] > git status -z -uall [41ms]
2026-07-04 10:18:57.544 [info] > git config --get commit.template [12ms]
2026-07-04 10:18:57.545 [info] > git for-each-ref --format=%(refname)%00%(upstream:short)%00%(objectname)%00%(upstream:track)%00%(upstream:remotename)%00%(upstream:remoteref) refs/heads/main refs/remotes/main [2ms]
2026-07-04 10:18:57.573 [info] > git for-each-ref --sort -committerdate --format %(refname)%00%(objectname)%00%(*objectname) [3ms]
2026-07-04 10:18:57.607 [info] > git status -z -uall [50ms]
2026-07-04 10:19:02.633 [info] > git config --get commit.template [9ms]
2026-07-04 10:19:02.634 [info] > git for-each-ref --format=%(refname)%00%(upstream:short)%00%(objectname)%00%(upstream:track)%00%(upstream:remotename)%00%(upstream:remoteref) refs/heads/main refs/remotes/main [2ms]
2026-07-04 10:19:02.654 [info] > git for-each-ref --sort -committerdate --format %(refname)%00%(objectname)%00%(*objectname) [3ms]
2026-07-04 10:19:02.685 [info] > git status -z -uall [42ms]
2026-07-04 10:19:07.716 [info] > git config --get commit.template [13ms]
2026-07-04 10:19:07.718 [info] > git for-each-ref --format=%(refname)%00%(upstream:short)%00%(objectname)%00%(upstream:track)%00%(upstream:remotename)%00%(upstream:remoteref) refs/heads/main refs/remotes/main [3ms]
2026-07-04 10:19:07.744 [info] > git for-each-ref --sort -committerdate --format %(refname)%00%(objectname)%00%(*objectname) [3ms]
2026-07-04 10:19:07.779 [info] > git status -z -uall [49ms]
2026-07-04 10:19:12.811 [info] > git config --get commit.template [14ms]
2026-07-04 10:19:12.813 [info] > git for-each-ref --format=%(refname)%00%(upstream:short)%00%(objectname)%00%(upstream:track)%00%(upstream:remotename)%00%(upstream:remoteref) refs/heads/main refs/remotes/main [3ms]
2026-07-04 10:19:12.841 [info] > git for-each-ref --sort -committerdate --format %(refname)%00%(objectname)%00%(*objectname) [3ms]
2026-07-04 10:19:12.873 [info] > git status -z -uall [47ms]
2026-07-04 10:19:17.902 [info] > git config --get commit.template [11ms]
2026-07-04 10:19:17.903 [info] > git for-each-ref --format=%(refname)%00%(upstream:short)%00%(objectname)%00%(upstream:track)%00%(upstream:remotename)%00%(upstream:remoteref) refs/heads/main refs/remotes/main [2ms]
2026-07-04 10:19:17.929 [info] > git for-each-ref --sort -committerdate --format %(refname)%00%(objectname)%00%(*objectname) [3ms]
2026-07-04 10:19:17.967 [info] > git status -z -uall [52ms]
2026-07-04 10:19:22.991 [info] > git config --get commit.template [9ms]
2026-07-04 10:19:22.992 [info] > git for-each-ref --format=%(refname)%00%(upstream:short)%00%(objectname)%00%(upstream:track)%00%(upstream:remotename)%00%(upstream:remoteref) refs/heads/main refs/remotes/main [2ms]
2026-07-04 10:19:23.011 [info] > git for-each-ref --sort -committerdate --format %(refname)%00%(objectname)%00%(*objectname) [3ms]
2026-07-04 10:19:23.045 [info] > git status -z -uall [45ms]
2026-07-04 10:19:28.073 [info] > git config --get commit.template [12ms]
2026-07-04 10:19:28.074 [info] > git for-each-ref --format=%(refname)%00%(upstream:short)%00%(objectname)%00%(upstream:track)%00%(upstream:remotename)%00%(upstream:remoteref) refs/heads/main refs/remotes/main [2ms]
2026-07-04 10:19:28.098 [info] > git for-each-ref --sort -committerdate --format %(refname)%00%(objectname)%00%(*objectname) [3ms]
2026-07-04 10:19:28.134 [info] > git status -z -uall [49ms]
2026-07-04 10:19:33.153 [info] > git config --get commit.template [2ms]
2026-07-04 10:19:33.167 [info] > git for-each-ref --format=%(refname)%00%(upstream:short)%00%(objectname)%00%(upstream:track)%00%(upstream:remotename)%00%(upstream:remoteref) refs/heads/main refs/remotes/main [2ms]
2026-07-04 10:19:33.191 [info] > git for-each-ref --sort -committerdate --format %(refname)%00%(objectname)%00%(*objectname) [2ms]
2026-07-04 10:19:33.225 [info] > git status -z -uall [47ms]
2026-07-04 10:19:38.247 [info] > git config --get commit.template [8ms]
2026-07-04 10:19:38.249 [info] > git for-each-ref --format=%(refname)%00%(upstream:short)%00%(objectname)%00%(upstream:track)%00%(upstream:remotename)%00%(upstream:remoteref) refs/heads/main refs/remotes/main [3ms]
2026-07-04 10:19:38.268 [info] > git for-each-ref --sort -committerdate --format %(refname)%00%(objectname)%00%(*objectname) [2ms]
2026-07-04 10:19:38.297 [info] > git status -z -uall [40ms]
2026-07-04 10:19:50.980 [info] > git config --get commit.template [2ms]
2026-07-04 10:19:50.993 [info] > git for-each-ref --format=%(refname)%00%(upstream:short)%00%(objectname)%00%(upstream:track)%00%(upstream:remotename)%00%(upstream:remoteref) refs/heads/main refs/remotes/main [3ms]
2026-07-04 10:19:51.020 [info] > git for-each-ref --sort -committerdate --format %(refname)%00%(objectname)%00%(*objectname) [3ms]
2026-07-04 10:19:51.049 [info] > git status -z -uall [44ms]
2026-07-04 10:19:56.079 [info] > git config --get commit.template [13ms]
2026-07-04 10:19:56.080 [info] > git for-each-ref --format=%(refname)%00%(upstream:short)%00%(objectname)%00%(upstream:track)%00%(upstream:remotename)%00%(upstream:remoteref) refs/heads/main refs/remotes/main [2ms]
2026-07-04 10:19:56.105 [info] > git for-each-ref --sort -committerdate --format %(refname)%00%(objectname)%00%(*objectname) [4ms]
2026-07-04 10:19:56.136 [info] > git status -z -uall [45ms]
2026-07-04 10:20:01.165 [info] > git config --get commit.template [12ms]
2026-07-04 10:20:01.167 [info] > git for-each-ref --format=%(refname)%00%(upstream:short)%00%(objectname)%00%(upstream:track)%00%(upstream:remotename)%00%(upstream:remoteref) refs/heads/main refs/remotes/main [3ms]
2026-07-04 10:20:01.194 [info] > git for-each-ref --sort -committerdate --format %(refname)%00%(objectname)%00%(*objectname) [3ms]
2026-07-04 10:20:01.240 [info] > git status -z -uall [63ms]
2026-07-04 10:20:06.268 [info] > git config --get commit.template [11ms]
2026-07-04 10:20:06.270 [info] > git for-each-ref --format=%(refname)%00%(upstream:short)%00%(objectname)%00%(upstream:track)%00%(upstream:remotename)%00%(upstream:remoteref) refs/heads/main refs/remotes/main [3ms]
2026-07-04 10:20:06.292 [info] > git for-each-ref --sort -committerdate --format %(refname)%00%(objectname)%00%(*objectname) [3ms]
2026-07-04 10:20:06.319 [info] > git status -z -uall [41ms]
2026-07-04 10:20:13.195 [info] > git config --get commit.template [12ms]
2026-07-04 10:20:13.197 [info] > git for-each-ref --format=%(refname)%00%(upstream:short)%00%(objectname)%00%(upstream:track)%00%(upstream:remotename)%00%(upstream:remoteref) refs/heads/main refs/remotes/main [2ms]
2026-07-04 10:20:13.215 [info] > git for-each-ref --sort -committerdate --format %(refname)%00%(objectname)%00%(*objectname) [2ms]
2026-07-04 10:20:13.246 [info] > git status -z -uall [41ms]
2026-07-04 10:20:18.270 [info] > git config --get commit.template [10ms]
2026-07-04 10:20:18.271 [info] > git for-each-ref --format=%(refname)%00%(upstream:short)%00%(objectname)%00%(upstream:track)%00%(upstream:remotename)%00%(upstream:remoteref) refs/heads/main refs/remotes/main [2ms]
2026-07-04 10:20:18.295 [info] > git for-each-ref --sort -committerdate --format %(refname)%00%(objectname)%00%(*objectname) [2ms]
2026-07-04 10:20:18.327 [info] > git status -z -uall [46ms]
2026-07-04 10:20:23.352 [info] > git config --get commit.template [10ms]
2026-07-04 10:20:23.353 [info] > git for-each-ref --format=%(refname)%00%(upstream:short)%00%(objectname)%00%(upstream:track)%00%(upstream:remotename)%00%(upstream:remoteref) refs/heads/main refs/remotes/main [3ms]
2026-07-04 10:20:23.376 [info] > git for-each-ref --sort -committerdate --format %(refname)%00%(objectname)%00%(*objectname) [4ms]
2026-07-04 10:20:23.408 [info] > git status -z -uall [47ms]
2026-07-04 10:20:28.431 [info] > git config --get commit.template [9ms]
2026-07-04 10:20:28.432 [info] > git for-each-ref --format=%(refname)%00%(upstream:short)%00%(objectname)%00%(upstream:track)%00%(upstream:remotename)%00%(upstream:remoteref) refs/heads/main refs/remotes/main [2ms]
2026-07-04 10:20:28.450 [info] > git for-each-ref --sort -committerdate --format %(refname)%00%(objectname)%00%(*objectname) [2ms]
2026-07-04 10:20:28.480 [info] > git status -z -uall [39ms]
2026-07-04 10:20:33.511 [info] > git config --get commit.template [13ms]
2026-07-04 10:20:33.512 [info] > git for-each-ref --format=%(refname)%00%(upstream:short)%00%(objectname)%00%(upstream:track)%00%(upstream:remotename)%00%(upstream:remoteref) refs/heads/main refs/remotes/main [2ms]
2026-07-04 10:20:33.538 [info] > git for-each-ref --sort -committerdate --format %(refname)%00%(objectname)%00%(*objectname) [2ms]
2026-07-04 10:20:33.571 [info] > git status -z -uall [48ms]
2026-07-04 10:20:38.593 [info] > git config --get commit.template [9ms]
2026-07-04 10:20:38.594 [info] > git for-each-ref --format=%(refname)%00%(upstream:short)%00%(objectname)%00%(upstream:track)%00%(upstream:remotename)%00%(upstream:remoteref) refs/heads/main refs/remotes/main [2ms]
2026-07-04 10:20:38.617 [info] > git for-each-ref --sort -committerdate --format %(refname)%00%(objectname)%00%(*objectname) [1ms]
2026-07-04 10:20:38.648 [info] > git status -z -uall [45ms]
2026-07-04 10:20:44.210 [info] > git config --get commit.template [4ms]
2026-07-04 10:20:44.229 [info] > git for-each-ref --format=%(refname)%00%(upstream:short)%00%(objectname)%00%(upstream:track)%00%(upstream:remotename)%00%(upstream:remoteref) refs/heads/main refs/remotes/main [5ms]
2026-07-04 10:20:44.260 [info] > git for-each-ref --sort -committerdate --format %(refname)%00%(objectname)%00%(*objectname) [5ms]
2026-07-04 10:20:44.298 [info] > git status -z -uall [55ms]
2026-07-04 10:20:49.328 [info] > git config --get commit.template [12ms]
2026-07-04 10:20:49.330 [info] > git for-each-ref --format=%(refname)%00%(upstream:short)%00%(objectname)%00%(upstream:track)%00%(upstream:remotename)%00%(upstream:remoteref) refs/heads/main refs/remotes/main [3ms]
2026-07-04 10:20:49.361 [info] > git for-each-ref --sort -committerdate --format %(refname)%00%(objectname)%00%(*objectname) [5ms]
2026-07-04 10:20:49.398 [info] > git status -z -uall [54ms]
2026-07-04 10:20:54.428 [info] > git config --get commit.template [12ms]
2026-07-04 10:20:54.429 [info] > git for-each-ref --format=%(refname)%00%(upstream:short)%00%(objectname)%00%(upstream:track)%00%(upstream:remotename)%00%(upstream:remoteref) refs/heads/main refs/remotes/main [3ms]
2026-07-04 10:20:54.453 [info] > git for-each-ref --sort -committerdate --format %(refname)%00%(objectname)%00%(*objectname) [3ms]
2026-07-04 10:20:54.492 [info] > git status -z -uall [53ms]
2026-07-04 10:20:59.523 [info] > git config --get commit.template [13ms]
2026-07-04 10:20:59.524 [info] > git for-each-ref --format=%(refname)%00%(upstream:short)%00%(objectname)%00%(upstream:track)%00%(upstream:remotename)%00%(upstream:remoteref) refs/heads/main refs/remotes/main [2ms]
2026-07-04 10:20:59.549 [info] > git for-each-ref --sort -committerdate --format %(refname)%00%(objectname)%00%(*objectname) [2ms]
2026-07-04 10:20:59.580 [info] > git status -z -uall [45ms]
2026-07-04 10:21:04.606 [info] > git config --get commit.template [10ms]
2026-07-04 10:21:04.607 [info] > git for-each-ref --format=%(refname)%00%(upstream:short)%00%(objectname)%00%(upstream:track)%00%(upstream:remotename)%00%(upstream:remoteref) refs/heads/main refs/remotes/main [2ms]
2026-07-04 10:21:04.629 [info] > git for-each-ref --sort -committerdate --format %(refname)%00%(objectname)%00%(*objectname) [1ms]
2026-07-04 10:21:04.658 [info] > git status -z -uall [41ms]
2026-07-04 10:21:09.681 [info] > git config --get commit.template [9ms]
2026-07-04 10:21:09.683 [info] > git for-each-ref --format=%(refname)%00%(upstream:short)%00%(objectname)%00%(upstream:track)%00%(upstream:remotename)%00%(upstream:remoteref) refs/heads/main refs/remotes/main [2ms]
2026-07-04 10:21:09.705 [info] > git for-each-ref --sort -committerdate --format %(refname)%00%(objectname)%00%(*objectname) [3ms]
2026-07-04 10:21:09.734 [info] > git status -z -uall [43ms]
2026-07-04 10:21:16.219 [info] > git config --get commit.template [2ms]
2026-07-04 10:21:16.231 [info] > git for-each-ref --format=%(refname)%00%(upstream:short)%00%(objectname)%00%(upstream:track)%00%(upstream:remotename)%00%(upstream:remoteref) refs/heads/main refs/remotes/main [2ms]
2026-07-04 10:21:16.257 [info] > git for-each-ref --sort -committerdate --format %(refname)%00%(objectname)%00%(*objectname) [2ms]
2026-07-04 10:21:16.291 [info] > git status -z -uall [48ms]
2026-07-04 10:21:21.321 [info] > git config --get commit.template [13ms]
2026-07-04 10:21:21.323 [info] > git for-each-ref --format=%(refname)%00%(upstream:short)%00%(objectname)%00%(upstream:track)%00%(upstream:remotename)%00%(upstream:remoteref) refs/heads/main refs/remotes/main [3ms]
2026-07-04 10:21:21.351 [info] > git for-each-ref --sort -committerdate --format %(refname)%00%(objectname)%00%(*objectname) [2ms]
2026-07-04 10:21:21.387 [info] > git status -z -uall [52ms]
2026-07-04 10:21:35.115 [info] > git config --get commit.template [15ms]
2026-07-04 10:21:35.117 [info] > git for-each-ref --format=%(refname)%00%(upstream:short)%00%(objectname)%00%(upstream:track)%00%(upstream:remotename)%00%(upstream:remoteref) refs/heads/main refs/remotes/main [2ms]
2026-07-04 10:21:35.141 [info] > git for-each-ref --sort -committerdate --format %(refname)%00%(objectname)%00%(*objectname) [3ms]
2026-07-04 10:21:35.172 [info] > git status -z -uall [44ms]
2026-07-04 10:21:40.204 [info] > git for-each-ref --format=%(refname)%00%(upstream:short)%00%(objectname)%00%(upstream:track)%00%(upstream:remotename)%00%(upstream:remoteref) refs/heads/main refs/remotes/main [4ms]
2026-07-04 10:21:40.204 [info] > git config --get commit.template [14ms]
2026-07-04 10:21:40.232 [info] > git for-each-ref --sort -committerdate --format %(refname)%00%(objectname)%00%(*objectname) [4ms]
2026-07-04 10:21:40.262 [info] > git status -z -uall [47ms]
2026-07-04 10:21:45.294 [info] > git config --get commit.template [12ms]
2026-07-04 10:21:45.295 [info] > git for-each-ref --format=%(refname)%00%(upstream:short)%00%(objectname)%00%(upstream:track)%00%(upstream:remotename)%00%(upstream:remoteref) refs/heads/main refs/remotes/main [3ms]
2026-07-04 10:21:45.322 [info] > git for-each-ref --sort -committerdate --format %(refname)%00%(objectname)%00%(*objectname) [5ms]
2026-07-04 10:21:45.355 [info] > git status -z -uall [48ms]
2026-07-04 10:22:04.621 [info] > git config --get commit.template [13ms]
2026-07-04 10:22:04.623 [info] > git for-each-ref --format=%(refname)%00%(upstream:short)%00%(objectname)%00%(upstream:track)%00%(upstream:remotename)%00%(upstream:remoteref) refs/heads/main refs/remotes/main [3ms]
2026-07-04 10:22:04.650 [info] > git for-each-ref --sort -committerdate --format %(refname)%00%(objectname)%00%(*objectname) [4ms]
2026-07-04 10:22:04.681 [info] > git status -z -uall [47ms]
2026-07-04 10:22:09.714 [info] > git config --get commit.template [13ms]
2026-07-04 10:22:09.716 [info] > git for-each-ref --format=%(refname)%00%(upstream:short)%00%(objectname)%00%(upstream:track)%00%(upstream:remotename)%00%(upstream:remoteref) refs/heads/main refs/remotes/main [3ms]
2026-07-04 10:22:09.737 [info] > git for-each-ref --sort -committerdate --format %(refname)%00%(objectname)%00%(*objectname) [2ms]
2026-07-04 10:22:09.767 [info] > git status -z -uall [42ms]
