2026-06-12 04:24:27.350 [info] [main] Log level: Info
2026-06-12 04:24:27.350 [info] [main] Validating found git in: "git"
2026-06-12 04:24:27.350 [info] [main] Using git "2.43.0" from "git"
2026-06-12 04:24:27.350 [info] [Model][doInitialScan] Initial repository scan started
2026-06-12 04:24:27.350 [info] > git rev-parse --show-toplevel [22ms]
2026-06-12 04:24:27.350 [info] > git rev-parse --git-dir --git-common-dir --show-superproject-working-tree [65ms]
2026-06-12 04:24:28.340 [info] [Model][openRepository] Opened repository (path): /home/psv2482109
2026-06-12 04:24:28.340 [info] [Model][openRepository] Opened repository (real path): /home/psv2482109
2026-06-12 04:24:28.340 [info] [Model][openRepository] Opened repository (kind): repository
2026-06-12 04:24:29.299 [info] > git rev-parse --show-toplevel [114ms]
2026-06-12 04:24:29.303 [info] > git config --get commit.template [134ms]
2026-06-12 04:24:29.496 [info] > git rev-parse --show-toplevel [113ms]
2026-06-12 04:24:29.584 [info] > git for-each-ref --format=%(refname)%00%(upstream:short)%00%(objectname)%00%(upstream:track)%00%(upstream:remotename)%00%(upstream:remoteref) refs/heads/main refs/remotes/main [152ms]
2026-06-12 04:24:29.648 [info] > git rev-parse --show-toplevel [110ms]
2026-06-12 04:24:29.696 [info] > git for-each-ref --sort -committerdate --format %(refname)%00%(objectname)%00%(*objectname) [71ms]
2026-06-12 04:24:29.729 [info] > git status -z -uall [132ms]
2026-06-12 04:24:29.730 [info] > git rev-parse --show-toplevel [40ms]
2026-06-12 04:24:29.939 [info] > git for-each-ref --format=%(refname)%00%(upstream:short)%00%(objectname)%00%(upstream:track)%00%(upstream:remotename)%00%(upstream:remoteref) refs/heads/main refs/remotes/main [97ms]
2026-06-12 04:24:29.956 [info] > git rev-parse --show-toplevel [212ms]
2026-06-12 04:24:30.122 [info] > git check-ignore -v -z --stdin [242ms]
2026-06-12 04:24:30.123 [info] > git check-ignore -v -z --stdin [151ms]
2026-06-12 04:24:30.126 [info] > git config --get --local branch.main.vscode-merge-base [170ms]
2026-06-12 04:24:30.126 [warning] [Git][config] git config failed: Failed to execute git
2026-06-12 04:24:30.140 [info] > git config --get commit.template [240ms]
2026-06-12 04:24:30.191 [info] > git rev-parse --show-toplevel [92ms]
2026-06-12 04:24:30.292 [info] > git reflog main --grep-reflog=branch: Created from *. [152ms]
2026-06-12 04:24:30.355 [info] > git for-each-ref --format=%(refname)%00%(upstream:short)%00%(objectname)%00%(upstream:track)%00%(upstream:remotename)%00%(upstream:remoteref) refs/heads/main refs/remotes/main [81ms]
2026-06-12 04:24:30.476 [info] > git rev-parse --show-toplevel [135ms]
2026-06-12 04:24:30.477 [info] > git symbolic-ref --short refs/remotes/origin/HEAD [163ms]
2026-06-12 04:24:30.477 [info] fatal: ref refs/remotes/origin/HEAD is not a symbolic ref
2026-06-12 04:24:30.477 [warning] [Repository][getDefaultBranch] Failed to get default branch details: Failed to execute git.
2026-06-12 04:24:30.551 [info] > git status -z -uall [168ms]
2026-06-12 04:24:30.554 [info] > git for-each-ref --sort -committerdate --format %(refname)%00%(objectname)%00%(*objectname) [125ms]
2026-06-12 04:24:30.566 [info] > git rev-parse --show-toplevel [37ms]
2026-06-12 04:24:31.518 [info] > git rev-parse --show-toplevel [887ms]
2026-06-12 04:24:31.521 [info] [Model][doInitialScan] Initial repository scan completed - repositories (1), closed repositories (0), parent repositories (0), unsafe repositories (0)
2026-06-12 04:24:31.600 [info] > git show --textconv :app.py [55ms]
2026-06-12 04:24:31.639 [info] > git ls-files --stage -- app.py [71ms]
2026-06-12 04:24:31.678 [info] > git cat-file -s 704d8d5f1adf7c7ee03b14f22178b3b4efa28bed [11ms]
2026-06-12 04:24:32.125 [info] > git check-ignore -v -z --stdin [6ms]
2026-06-12 04:24:32.197 [info] > git blame --root --incremental ea2ddfc23bf30ef73397af4686e7f5938cb7c5f1 -- app.py [23ms]
2026-06-12 04:24:32.445 [info] > git check-ignore -v -z --stdin [5ms]
2026-06-12 04:24:34.037 [info] > git config --get commit.template [84ms]
2026-06-12 04:24:34.128 [info] > git for-each-ref --format=%(refname)%00%(upstream:short)%00%(objectname)%00%(upstream:track)%00%(upstream:remotename)%00%(upstream:remoteref) refs/heads/main refs/remotes/main [33ms]
2026-06-12 04:24:34.216 [info] > git status -z -uall [72ms]
2026-06-12 04:24:34.235 [info] > git for-each-ref --sort -committerdate --format %(refname)%00%(objectname)%00%(*objectname) [68ms]
2026-06-12 04:24:34.237 [info] > git check-ignore -v -z --stdin [23ms]
2026-06-12 04:24:34.413 [info] > git show --textconv :README-cloudshell.txt [29ms]
2026-06-12 04:24:34.417 [info] > git ls-files --stage -- README-cloudshell.txt [18ms]
2026-06-12 04:24:34.437 [info] > git cat-file -s 9fa5a74e750d98eb725eca4ca09ba01af2f5cd24 [5ms]
2026-06-12 04:24:34.557 [info] > git blame --root --incremental ea2ddfc23bf30ef73397af4686e7f5938cb7c5f1 -- README-cloudshell.txt [8ms]
2026-06-12 04:24:34.764 [info] > git check-ignore -v -z --stdin [4ms]
2026-06-12 04:24:39.366 [info] > git config --get commit.template [8ms]
2026-06-12 04:24:39.397 [info] > git for-each-ref --format=%(refname)%00%(upstream:short)%00%(objectname)%00%(upstream:track)%00%(upstream:remotename)%00%(upstream:remoteref) refs/heads/main refs/remotes/main [5ms]
2026-06-12 04:24:39.457 [info] > git for-each-ref --sort -committerdate --format %(refname)%00%(objectname)%00%(*objectname) [17ms]
2026-06-12 04:24:39.471 [info] > git status -z -uall [57ms]
2026-06-12 04:24:41.785 [info] > git check-ignore -v -z --stdin [10ms]
2026-06-12 04:24:42.083 [info] > git show --textconv :requirements.txt [91ms]
2026-06-12 04:24:42.089 [info] > git ls-files --stage -- requirements.txt [24ms]
2026-06-12 04:24:42.248 [info] > git cat-file -s e2513300dbda3dc0882cdbc90427076a31d222c3 [48ms]
2026-06-12 04:24:42.423 [info] > git blame --root --incremental ea2ddfc23bf30ef73397af4686e7f5938cb7c5f1 -- requirements.txt [11ms]
2026-06-12 04:24:47.480 [info] > git config --get commit.template [125ms]
2026-06-12 04:24:47.695 [info] > git for-each-ref --format=%(refname)%00%(upstream:short)%00%(objectname)%00%(upstream:track)%00%(upstream:remotename)%00%(upstream:remoteref) refs/heads/main refs/remotes/main [57ms]
2026-06-12 04:24:48.070 [info] > git status -z -uall [202ms]
2026-06-12 04:24:48.073 [info] > git for-each-ref --sort -committerdate --format %(refname)%00%(objectname)%00%(*objectname) [93ms]
2026-06-12 04:24:53.154 [info] > git config --get commit.template [29ms]
2026-06-12 04:24:53.156 [info] > git for-each-ref --format=%(refname)%00%(upstream:short)%00%(objectname)%00%(upstream:track)%00%(upstream:remotename)%00%(upstream:remoteref) refs/heads/main refs/remotes/main [6ms]
2026-06-12 04:24:53.256 [info] > git for-each-ref --sort -committerdate --format %(refname)%00%(objectname)%00%(*objectname) [6ms]
2026-06-12 04:24:53.291 [info] > git status -z -uall [113ms]
2026-06-12 04:24:58.332 [info] > git config --get commit.template [19ms]
2026-06-12 04:24:58.336 [info] > git for-each-ref --format=%(refname)%00%(upstream:short)%00%(objectname)%00%(upstream:track)%00%(upstream:remotename)%00%(upstream:remoteref) refs/heads/main refs/remotes/main [6ms]
2026-06-12 04:24:58.386 [info] > git for-each-ref --sort -committerdate --format %(refname)%00%(objectname)%00%(*objectname) [11ms]
2026-06-12 04:24:58.398 [info] > git status -z -uall [47ms]
2026-06-12 04:25:12.081 [info] > git config --get commit.template [19ms]
2026-06-12 04:25:12.083 [info] > git for-each-ref --format=%(refname)%00%(upstream:short)%00%(objectname)%00%(upstream:track)%00%(upstream:remotename)%00%(upstream:remoteref) refs/heads/main refs/remotes/main [4ms]
2026-06-12 04:25:12.129 [info] > git for-each-ref --sort -committerdate --format %(refname)%00%(objectname)%00%(*objectname) [6ms]
2026-06-12 04:25:12.149 [info] > git status -z -uall [50ms]
2026-06-12 04:25:17.197 [info] > git config --get commit.template [23ms]
2026-06-12 04:25:17.198 [info] > git for-each-ref --format=%(refname)%00%(upstream:short)%00%(objectname)%00%(upstream:track)%00%(upstream:remotename)%00%(upstream:remoteref) refs/heads/main refs/remotes/main [3ms]
2026-06-12 04:25:17.256 [info] > git for-each-ref --sort -committerdate --format %(refname)%00%(objectname)%00%(*objectname) [5ms]
2026-06-12 04:25:17.272 [info] > git status -z -uall [54ms]
2026-06-12 04:25:22.324 [info] > git config --get commit.template [26ms]
2026-06-12 04:25:22.328 [info] > git for-each-ref --format=%(refname)%00%(upstream:short)%00%(objectname)%00%(upstream:track)%00%(upstream:remotename)%00%(upstream:remoteref) refs/heads/main refs/remotes/main [9ms]
2026-06-12 04:25:22.386 [info] > git for-each-ref --sort -committerdate --format %(refname)%00%(objectname)%00%(*objectname) [3ms]
2026-06-12 04:25:22.401 [info] > git status -z -uall [53ms]
2026-06-12 04:25:28.715 [info] > git config --get commit.template [6ms]
2026-06-12 04:25:28.739 [info] > git for-each-ref --format=%(refname)%00%(upstream:short)%00%(objectname)%00%(upstream:track)%00%(upstream:remotename)%00%(upstream:remoteref) refs/heads/main refs/remotes/main [10ms]
2026-06-12 04:25:28.770 [info] > git for-each-ref --sort -committerdate --format %(refname)%00%(objectname)%00%(*objectname) [4ms]
2026-06-12 04:25:28.792 [info] > git status -z -uall [42ms]
2026-06-12 04:25:32.748 [info] > git check-ignore -v -z --stdin [4ms]
2026-06-12 04:25:32.883 [info] > git show --textconv :nano.gitignore [34ms]
2026-06-12 04:25:32.883 [info] > git check-ignore -v -z --stdin [2ms]
2026-06-12 04:25:32.884 [info] > git ls-files --stage -- nano.gitignore [21ms]
2026-06-12 04:25:32.915 [info] > git hash-object -t tree /dev/null [17ms]
2026-06-12 04:25:32.916 [warning] [GitFileSystemProvider][stat] File not found - git:/home/psv2482109/nano.gitignore.git?%7B%22path%22%3A%22%2Fhome%2Fpsv2482109%2Fnano.gitignore%22%2C%22ref%22%3A%22%22%7D
2026-06-12 04:25:32.926 [info] > git hash-object -t tree /dev/null [13ms]
2026-06-12 04:25:32.927 [warning] [GitFileSystemProvider][readFile] File not found - git:/home/psv2482109/nano.gitignore.git?%7B%22path%22%3A%22%2Fhome%2Fpsv2482109%2Fnano.gitignore%22%2C%22ref%22%3A%22%22%7D
2026-06-12 04:25:40.856 [info] > git config --get commit.template [14ms]
2026-06-12 04:25:40.858 [info] > git for-each-ref --format=%(refname)%00%(upstream:short)%00%(objectname)%00%(upstream:track)%00%(upstream:remotename)%00%(upstream:remoteref) refs/heads/main refs/remotes/main [3ms]
2026-06-12 04:25:40.888 [info] > git for-each-ref --sort -committerdate --format %(refname)%00%(objectname)%00%(*objectname) [2ms]
2026-06-12 04:25:40.909 [info] > git status -z -uall [41ms]
2026-06-12 04:25:44.526 [info] > git check-ignore -v -z --stdin [3ms]
2026-06-12 04:25:45.930 [info] > git config --get commit.template [2ms]
2026-06-12 04:25:45.946 [info] > git for-each-ref --format=%(refname)%00%(upstream:short)%00%(objectname)%00%(upstream:track)%00%(upstream:remotename)%00%(upstream:remoteref) refs/heads/main refs/remotes/main [3ms]
2026-06-12 04:25:45.988 [info] > git for-each-ref --sort -committerdate --format %(refname)%00%(objectname)%00%(*objectname) [6ms]
2026-06-12 04:25:46.019 [info] > git status -z -uall [60ms]
2026-06-12 04:25:46.391 [info] > git check-ignore -v -z --stdin [7ms]
2026-06-12 04:25:46.517 [info] > git show --textconv :app.py [19ms]
2026-06-12 04:25:46.522 [info] > git ls-files --stage -- app.py [7ms]
2026-06-12 04:25:46.538 [info] > git cat-file -s 704d8d5f1adf7c7ee03b14f22178b3b4efa28bed [3ms]
2026-06-12 04:25:46.735 [info] > git check-ignore -v -z --stdin [4ms]
2026-06-12 04:25:47.222 [info] > git check-ignore -v -z --stdin [3ms]
2026-06-12 04:25:47.337 [info] > git show --textconv :requirements.txt [13ms]
2026-06-12 04:25:47.339 [info] > git ls-files --stage -- requirements.txt [3ms]
2026-06-12 04:25:47.352 [info] > git cat-file -s e2513300dbda3dc0882cdbc90427076a31d222c3 [3ms]
2026-06-12 04:25:51.038 [info] > git config --get commit.template [1ms]
2026-06-12 04:25:51.052 [info] > git for-each-ref --format=%(refname)%00%(upstream:short)%00%(objectname)%00%(upstream:track)%00%(upstream:remotename)%00%(upstream:remoteref) refs/heads/main refs/remotes/main [2ms]
2026-06-12 04:25:51.084 [info] > git for-each-ref --sort -committerdate --format %(refname)%00%(objectname)%00%(*objectname) [4ms]
2026-06-12 04:25:51.106 [info] > git status -z -uall [43ms]
2026-06-12 04:25:51.626 [info] > git check-ignore -v -z --stdin [2ms]
